{"total": {"lines":{"total":594,"covered":171,"skipped":0,"pct":28.78},"statements":{"total":606,"covered":173,"skipped":0,"pct":28.54},"functions":{"total":144,"covered":49,"skipped":0,"pct":34.02},"branches":{"total":198,"covered":55,"skipped":0,"pct":27.77},"branchesTrue":{"total":0,"covered":0,"skipped":0,"pct":100}}
,"/home/clecio/Trybe/Projetos/sd-029-b-project-recipes-app/src/App.js": {"lines":{"total":1,"covered":0,"skipped":0,"pct":0},"functions":{"total":1,"covered":0,"skipped":0,"pct":0},"statements":{"total":1,"covered":0,"skipped":0,"pct":0},"branches":{"total":0,"covered":0,"skipped":0,"pct":100}}
,"/home/clecio/Trybe/Projetos/sd-029-b-project-recipes-app/src/components/CardDrinks.jsx": {"lines":{"total":76,"covered":2,"skipped":0,"pct":2.63},"functions":{"total":13,"covered":1,"skipped":0,"pct":7.69},"statements":{"total":76,"covered":2,"skipped":0,"pct":2.63},"branches":{"total":14,"covered":0,"skipped":0,"pct":0}}
,"/home/clecio/Trybe/Projetos/sd-029-b-project-recipes-app/src/components/CardMeals.jsx": {"lines":{"total":78,"covered":2,"skipped":0,"pct":2.56},"functions":{"total":14,"covered":1,"skipped":0,"pct":7.14},"statements":{"total":78,"covered":2,"skipped":0,"pct":2.56},"branches":{"total":16,"covered":0,"skipped":0,"pct":0}}
,"/home/clecio/Trybe/Projetos/sd-029-b-project-recipes-app/src/components/FavoriteButton.jsx": {"lines":{"total":20,"covered":12,"skipped":0,"pct":60},"functions":{"total":6,"covered":3,"skipped":0,"pct":50},"statements":{"total":20,"covered":12,"skipped":0,"pct":60},"branches":{"total":22,"covered":5,"skipped":0,"pct":22.72}}
,"/home/clecio/Trybe/Projetos/sd-029-b-project-recipes-app/src/components/Favorites.jsx": {"lines":{"total":41,"covered":7,"skipped":0,"pct":17.07},"functions":{"total":14,"covered":2,"skipped":0,"pct":14.28},"statements":{"total":43,"covered":7,"skipped":0,"pct":16.27},"branches":{"total":10,"covered":1,"skipped":0,"pct":10}}
,"/home/clecio/Trybe/Projetos/sd-029-b-project-recipes-app/src/components/FinishButton.jsx": {"lines":{"total":15,"covered":9,"skipped":0,"pct":60},"functions":{"total":3,"covered":1,"skipped":0,"pct":33.33},"statements":{"total":16,"covered":10,"skipped":0,"pct":62.5},"branches":{"total":18,"covered":2,"skipped":0,"pct":11.11}}
,"/home/clecio/Trybe/Projetos/sd-029-b-project-recipes-app/src/components/Footer.jsx": {"lines":{"total":1,"covered":1,"skipped":0,"pct":100},"functions":{"total":1,"covered":1,"skipped":0,"pct":100},"statements":{"total":1,"covered":1,"skipped":0,"pct":100},"branches":{"total":0,"covered":0,"skipped":0,"pct":100}}
,"/home/clecio/Trybe/Projetos/sd-029-b-project-recipes-app/src/components/GetPageTitle.js": {"lines":{"total":7,"covered":6,"skipped":0,"pct":85.71},"functions":{"total":1,"covered":1,"skipped":0,"pct":100},"statements":{"total":7,"covered":6,"skipped":0,"pct":85.71},"branches":{"total":6,"covered":5,"skipped":0,"pct":83.33}}
,"/home/clecio/Trybe/Projetos/sd-029-b-project-recipes-app/src/components/Header.jsx": {"lines":{"total":6,"covered":6,"skipped":0,"pct":100},"functions":{"total":2,"covered":2,"skipped":0,"pct":100},"statements":{"total":6,"covered":6,"skipped":0,"pct":100},"branches":{"total":6,"covered":6,"skipped":0,"pct":100}}
,"/home/clecio/Trybe/Projetos/sd-029-b-project-recipes-app/src/components/RecipeIngredients.jsx": {"lines":{"total":33,"covered":23,"skipped":0,"pct":69.69},"functions":{"total":9,"covered":5,"skipped":0,"pct":55.55},"statements":{"total":34,"covered":24,"skipped":0,"pct":70.58},"branches":{"total":18,"covered":11,"skipped":0,"pct":61.11}}
,"/home/clecio/Trybe/Projetos/sd-029-b-project-recipes-app/src/components/RecipesDetailsDrinks.jsx": {"lines":{"total":53,"covered":1,"skipped":0,"pct":1.88},"functions":{"total":13,"covered":0,"skipped":0,"pct":0},"statements":{"total":56,"covered":1,"skipped":0,"pct":1.78},"branches":{"total":26,"covered":0,"skipped":0,"pct":0}}
,"/home/clecio/Trybe/Projetos/sd-029-b-project-recipes-app/src/components/RecipesDetailsMeals.jsx": {"lines":{"total":53,"covered":1,"skipped":0,"pct":1.88},"functions":{"total":13,"covered":0,"skipped":0,"pct":0},"statements":{"total":56,"covered":1,"skipped":0,"pct":1.78},"branches":{"total":26,"covered":0,"skipped":0,"pct":0}}
,"/home/clecio/Trybe/Projetos/sd-029-b-project-recipes-app/src/components/SearchBar.jsx": {"lines":{"total":8,"covered":8,"skipped":0,"pct":100},"functions":{"total":4,"covered":4,"skipped":0,"pct":100},"statements":{"total":8,"covered":8,"skipped":0,"pct":100},"branches":{"total":0,"covered":0,"skipped":0,"pct":100}}
,"/home/clecio/Trybe/Projetos/sd-029-b-project-recipes-app/src/components/ShareButton.jsx": {"lines":{"total":8,"covered":4,"skipped":0,"pct":50},"functions":{"total":2,"covered":1,"skipped":0,"pct":50},"statements":{"total":8,"covered":4,"skipped":0,"pct":50},"branches":{"total":2,"covered":1,"skipped":0,"pct":50}}
,"/home/clecio/Trybe/Projetos/sd-029-b-project-recipes-app/src/components/SlideDrinks.jsx": {"lines":{"total":12,"covered":1,"skipped":0,"pct":8.33},"functions":{"total":4,"covered":0,"skipped":0,"pct":0},"statements":{"total":12,"covered":1,"skipped":0,"pct":8.33},"branches":{"total":4,"covered":0,"skipped":0,"pct":0}}
,"/home/clecio/Trybe/Projetos/sd-029-b-project-recipes-app/src/components/SlideMeals.jsx": {"lines":{"total":12,"covered":1,"skipped":0,"pct":8.33},"functions":{"total":4,"covered":0,"skipped":0,"pct":0},"statements":{"total":12,"covered":1,"skipped":0,"pct":8.33},"branches":{"total":4,"covered":0,"skipped":0,"pct":0}}
,"/home/clecio/Trybe/Projetos/sd-029-b-project-recipes-app/src/contexts/AppContext.js": {"lines":{"total":1,"covered":1,"skipped":0,"pct":100},"functions":{"total":0,"covered":0,"skipped":0,"pct":100},"statements":{"total":1,"covered":1,"skipped":0,"pct":100},"branches":{"total":0,"covered":0,"skipped":0,"pct":100}}
,"/home/clecio/Trybe/Projetos/sd-029-b-project-recipes-app/src/contexts/AppProvider.js": {"lines":{"total":5,"covered":0,"skipped":0,"pct":0},"functions":{"total":2,"covered":0,"skipped":0,"pct":0},"statements":{"total":6,"covered":0,"skipped":0,"pct":0},"branches":{"total":0,"covered":0,"skipped":0,"pct":100}}
,"/home/clecio/Trybe/Projetos/sd-029-b-project-recipes-app/src/pages/DoneRecipes.jsx": {"lines":{"total":20,"covered":20,"skipped":0,"pct":100},"functions":{"total":9,"covered":8,"skipped":0,"pct":88.88},"statements":{"total":21,"covered":20,"skipped":0,"pct":95.23},"branches":{"total":8,"covered":7,"skipped":0,"pct":87.5}}
,"/home/clecio/Trybe/Projetos/sd-029-b-project-recipes-app/src/pages/DrinksRecipesProgress.jsx": {"lines":{"total":8,"covered":8,"skipped":0,"pct":100},"functions":{"total":3,"covered":3,"skipped":0,"pct":100},"statements":{"total":8,"covered":8,"skipped":0,"pct":100},"branches":{"total":0,"covered":0,"skipped":0,"pct":100}}
,"/home/clecio/Trybe/Projetos/sd-029-b-project-recipes-app/src/pages/FavoriteRecipes.jsx": {"lines":{"total":1,"covered":1,"skipped":0,"pct":100},"functions":{"total":1,"covered":1,"skipped":0,"pct":100},"statements":{"total":1,"covered":1,"skipped":0,"pct":100},"branches":{"total":0,"covered":0,"skipped":0,"pct":100}}
,"/home/clecio/Trybe/Projetos/sd-029-b-project-recipes-app/src/pages/Login.jsx": {"lines":{"total":14,"covered":14,"skipped":0,"pct":100},"functions":{"total":5,"covered":5,"skipped":0,"pct":100},"statements":{"total":14,"covered":14,"skipped":0,"pct":100},"branches":{"total":2,"covered":2,"skipped":0,"pct":100}}
,"/home/clecio/Trybe/Projetos/sd-029-b-project-recipes-app/src/pages/MealsRecipesProgress.jsx": {"lines":{"total":8,"covered":8,"skipped":0,"pct":100},"functions":{"total":3,"covered":3,"skipped":0,"pct":100},"statements":{"total":8,"covered":8,"skipped":0,"pct":100},"branches":{"total":0,"covered":0,"skipped":0,"pct":100}}
,"/home/clecio/Trybe/Projetos/sd-029-b-project-recipes-app/src/pages/Profile.jsx": {"lines":{"total":4,"covered":4,"skipped":0,"pct":100},"functions":{"total":2,"covered":2,"skipped":0,"pct":100},"statements":{"total":4,"covered":4,"skipped":0,"pct":100},"branches":{"total":2,"covered":2,"skipped":0,"pct":100}}
,"/home/clecio/Trybe/Projetos/sd-029-b-project-recipes-app/src/pages/RecipeDetails.jsx": {"lines":{"total":3,"covered":3,"skipped":0,"pct":100},"functions":{"total":1,"covered":1,"skipped":0,"pct":100},"statements":{"total":3,"covered":3,"skipped":0,"pct":100},"branches":{"total":4,"covered":4,"skipped":0,"pct":100}}
,"/home/clecio/Trybe/Projetos/sd-029-b-project-recipes-app/src/pages/RecipeInProgress.jsx": {"lines":{"total":19,"covered":19,"skipped":0,"pct":100},"functions":{"total":2,"covered":2,"skipped":0,"pct":100},"statements":{"total":19,"covered":19,"skipped":0,"pct":100},"branches":{"total":4,"covered":4,"skipped":0,"pct":100}}
,"/home/clecio/Trybe/Projetos/sd-029-b-project-recipes-app/src/pages/Recipes.jsx": {"lines":{"total":2,"covered":2,"skipped":0,"pct":100},"functions":{"total":1,"covered":1,"skipped":0,"pct":100},"statements":{"total":2,"covered":2,"skipped":0,"pct":100},"branches":{"total":4,"covered":4,"skipped":0,"pct":100}}
,"/home/clecio/Trybe/Projetos/sd-029-b-project-recipes-app/src/services/fetchMeals.js": {"lines":{"total":77,"covered":0,"skipped":0,"pct":0},"functions":{"total":10,"covered":0,"skipped":0,"pct":0},"statements":{"total":77,"covered":0,"skipped":0,"pct":0},"branches":{"total":0,"covered":0,"skipped":0,"pct":100}}
,"/home/clecio/Trybe/Projetos/sd-029-b-project-recipes-app/src/services/fetchRecipeId.js": {"lines":{"total":8,"covered":7,"skipped":0,"pct":87.5},"functions":{"total":1,"covered":1,"skipped":0,"pct":100},"statements":{"total":8,"covered":7,"skipped":0,"pct":87.5},"branches":{"total":2,"covered":1,"skipped":0,"pct":50}}
}
