{"/home/clecio/Trybe/Projetos/sd-029-b-project-recipes-app/src/App.js": {"path":"/home/clecio/Trybe/Projetos/sd-029-b-project-recipes-app/src/App.js","statementMap":{"0":{"start":{"line":15,"column":2},"end":{"line":79,"column":4}}},"fnMap":{"0":{"name":"App","decl":{"start":{"line":14,"column":9},"end":{"line":14,"column":12}},"loc":{"start":{"line":14,"column":15},"end":{"line":80,"column":1}},"line":14}},"branchMap":{},"s":{"0":0},"f":{"0":0},"b":{}}
,"/home/clecio/Trybe/Projetos/sd-029-b-project-recipes-app/src/components/CardDrinks.jsx": {"path":"/home/clecio/Trybe/Projetos/sd-029-b-project-recipes-app/src/components/CardDrinks.jsx","statementMap":{"0":{"start":{"line":5,"column":14},"end":{"line":5,"column":71}},"1":{"start":{"line":8,"column":57},"end":{"line":8,"column":79}},"2":{"start":{"line":9,"column":18},"end":{"line":9,"column":30}},"3":{"start":{"line":10,"column":30},"end":{"line":10,"column":42}},"4":{"start":{"line":11,"column":34},"end":{"line":11,"column":46}},"5":{"start":{"line":12,"column":44},"end":{"line":12,"column":56}},"6":{"start":{"line":13,"column":30},"end":{"line":13,"column":42}},"7":{"start":{"line":15,"column":2},"end":{"line":34,"column":18}},"8":{"start":{"line":16,"column":24},"end":{"line":23,"column":5}},"9":{"start":{"line":17,"column":21},"end":{"line":17,"column":23}},"10":{"start":{"line":18,"column":23},"end":{"line":18,"column":95}},"11":{"start":{"line":19,"column":18},"end":{"line":19,"column":39}},"12":{"start":{"line":20,"column":19},"end":{"line":20,"column":29}},"13":{"start":{"line":21,"column":6},"end":{"line":21,"column":39}},"14":{"start":{"line":22,"column":6},"end":{"line":22,"column":46}},"15":{"start":{"line":24,"column":4},"end":{"line":24,"column":18}},"16":{"start":{"line":26,"column":26},"end":{"line":32,"column":5}},"17":{"start":{"line":27,"column":21},"end":{"line":27,"column":22}},"18":{"start":{"line":28,"column":23},"end":{"line":28,"column":97}},"19":{"start":{"line":29,"column":18},"end":{"line":29,"column":39}},"20":{"start":{"line":30,"column":19},"end":{"line":30,"column":29}},"21":{"start":{"line":31,"column":6},"end":{"line":31,"column":41}},"22":{"start":{"line":33,"column":4},"end":{"line":33,"column":20}},"23":{"start":{"line":36,"column":2},"end":{"line":85,"column":79}},"24":{"start":{"line":37,"column":4},"end":{"line":81,"column":5}},"25":{"start":{"line":38,"column":42},"end":{"line":48,"column":7}},"26":{"start":{"line":39,"column":8},"end":{"line":47,"column":9}},"27":{"start":{"line":40,"column":25},"end":{"line":40,"column":27}},"28":{"start":{"line":41,"column":27},"end":{"line":41,"column":108}},"29":{"start":{"line":42,"column":22},"end":{"line":42,"column":43}},"30":{"start":{"line":43,"column":23},"end":{"line":43,"column":33}},"31":{"start":{"line":44,"column":10},"end":{"line":44,"column":43}},"32":{"start":{"line":46,"column":10},"end":{"line":46,"column":37}},"33":{"start":{"line":49,"column":6},"end":{"line":49,"column":36}},"34":{"start":{"line":50,"column":11},"end":{"line":81,"column":5}},"35":{"start":{"line":51,"column":36},"end":{"line":61,"column":7}},"36":{"start":{"line":52,"column":8},"end":{"line":60,"column":9}},"37":{"start":{"line":53,"column":25},"end":{"line":53,"column":27}},"38":{"start":{"line":54,"column":27},"end":{"line":54,"column":108}},"39":{"start":{"line":55,"column":22},"end":{"line":55,"column":43}},"40":{"start":{"line":56,"column":23},"end":{"line":56,"column":33}},"41":{"start":{"line":57,"column":10},"end":{"line":57,"column":43}},"42":{"start":{"line":59,"column":10},"end":{"line":59,"column":37}},"43":{"start":{"line":62,"column":6},"end":{"line":62,"column":30}},"44":{"start":{"line":63,"column":11},"end":{"line":81,"column":5}},"45":{"start":{"line":64,"column":6},"end":{"line":68,"column":7}},"46":{"start":{"line":65,"column":8},"end":{"line":65,"column":69}},"47":{"start":{"line":66,"column":8},"end":{"line":66,"column":22}},"48":{"start":{"line":67,"column":8},"end":{"line":67,"column":25}},"49":{"start":{"line":69,"column":32},"end":{"line":79,"column":7}},"50":{"start":{"line":70,"column":8},"end":{"line":78,"column":9}},"51":{"start":{"line":71,"column":25},"end":{"line":71,"column":27}},"52":{"start":{"line":72,"column":27},"end":{"line":72,"column":108}},"53":{"start":{"line":73,"column":22},"end":{"line":73,"column":43}},"54":{"start":{"line":74,"column":23},"end":{"line":74,"column":33}},"55":{"start":{"line":75,"column":10},"end":{"line":75,"column":43}},"56":{"start":{"line":77,"column":10},"end":{"line":77,"column":37}},"57":{"start":{"line":80,"column":6},"end":{"line":80,"column":26}},"58":{"start":{"line":82,"column":4},"end":{"line":84,"column":5}},"59":{"start":{"line":83,"column":6},"end":{"line":83,"column":51}},"60":{"start":{"line":87,"column":23},"end":{"line":98,"column":3}},"61":{"start":{"line":88,"column":4},"end":{"line":97,"column":5}},"62":{"start":{"line":89,"column":6},"end":{"line":89,"column":31}},"63":{"start":{"line":91,"column":21},"end":{"line":91,"column":23}},"64":{"start":{"line":92,"column":23},"end":{"line":92,"column":103}},"65":{"start":{"line":93,"column":18},"end":{"line":93,"column":39}},"66":{"start":{"line":94,"column":19},"end":{"line":94,"column":29}},"67":{"start":{"line":95,"column":6},"end":{"line":95,"column":39}},"68":{"start":{"line":96,"column":6},"end":{"line":96,"column":23}},"69":{"start":{"line":100,"column":26},"end":{"line":103,"column":3}},"70":{"start":{"line":101,"column":4},"end":{"line":101,"column":29}},"71":{"start":{"line":102,"column":4},"end":{"line":102,"column":18}},"72":{"start":{"line":105,"column":2},"end":{"line":143,"column":4}},"73":{"start":{"line":109,"column":10},"end":{"line":115,"column":19}},"74":{"start":{"line":110,"column":28},"end":{"line":110,"column":58}},"75":{"start":{"line":127,"column":10},"end":{"line":139,"column":17}}},"fnMap":{"0":{"name":"CardDrinks","decl":{"start":{"line":7,"column":24},"end":{"line":7,"column":34}},"loc":{"start":{"line":7,"column":37},"end":{"line":144,"column":1}},"line":7},"1":{"name":"(anonymous_1)","decl":{"start":{"line":15,"column":12},"end":{"line":15,"column":13}},"loc":{"start":{"line":15,"column":18},"end":{"line":34,"column":3}},"line":15},"2":{"name":"(anonymous_2)","decl":{"start":{"line":16,"column":24},"end":{"line":16,"column":25}},"loc":{"start":{"line":16,"column":36},"end":{"line":23,"column":5}},"line":16},"3":{"name":"(anonymous_3)","decl":{"start":{"line":26,"column":26},"end":{"line":26,"column":27}},"loc":{"start":{"line":26,"column":38},"end":{"line":32,"column":5}},"line":26},"4":{"name":"(anonymous_4)","decl":{"start":{"line":36,"column":12},"end":{"line":36,"column":13}},"loc":{"start":{"line":36,"column":18},"end":{"line":85,"column":3}},"line":36},"5":{"name":"(anonymous_5)","decl":{"start":{"line":38,"column":42},"end":{"line":38,"column":43}},"loc":{"start":{"line":38,"column":54},"end":{"line":48,"column":7}},"line":38},"6":{"name":"(anonymous_6)","decl":{"start":{"line":51,"column":36},"end":{"line":51,"column":37}},"loc":{"start":{"line":51,"column":48},"end":{"line":61,"column":7}},"line":51},"7":{"name":"(anonymous_7)","decl":{"start":{"line":69,"column":32},"end":{"line":69,"column":33}},"loc":{"start":{"line":69,"column":44},"end":{"line":79,"column":7}},"line":69},"8":{"name":"(anonymous_8)","decl":{"start":{"line":87,"column":23},"end":{"line":87,"column":24}},"loc":{"start":{"line":87,"column":40},"end":{"line":98,"column":3}},"line":87},"9":{"name":"(anonymous_9)","decl":{"start":{"line":100,"column":26},"end":{"line":100,"column":27}},"loc":{"start":{"line":100,"column":38},"end":{"line":103,"column":3}},"line":100},"10":{"name":"(anonymous_10)","decl":{"start":{"line":108,"column":21},"end":{"line":108,"column":22}},"loc":{"start":{"line":109,"column":10},"end":{"line":115,"column":19}},"line":109},"11":{"name":"(anonymous_11)","decl":{"start":{"line":110,"column":22},"end":{"line":110,"column":23}},"loc":{"start":{"line":110,"column":28},"end":{"line":110,"column":58}},"line":110},"12":{"name":"(anonymous_12)","decl":{"start":{"line":126,"column":19},"end":{"line":126,"column":20}},"loc":{"start":{"line":127,"column":10},"end":{"line":139,"column":17}},"line":127}},"branchMap":{"0":{"loc":{"start":{"line":37,"column":4},"end":{"line":81,"column":5}},"type":"if","locations":[{"start":{"line":37,"column":4},"end":{"line":81,"column":5}},{"start":{"line":50,"column":11},"end":{"line":81,"column":5}}],"line":37},"1":{"loc":{"start":{"line":50,"column":11},"end":{"line":81,"column":5}},"type":"if","locations":[{"start":{"line":50,"column":11},"end":{"line":81,"column":5}},{"start":{"line":63,"column":11},"end":{"line":81,"column":5}}],"line":50},"2":{"loc":{"start":{"line":63,"column":11},"end":{"line":81,"column":5}},"type":"if","locations":[{"start":{"line":63,"column":11},"end":{"line":81,"column":5}},{"start":{},"end":{}}],"line":63},"3":{"loc":{"start":{"line":64,"column":6},"end":{"line":68,"column":7}},"type":"if","locations":[{"start":{"line":64,"column":6},"end":{"line":68,"column":7}},{"start":{},"end":{}}],"line":64},"4":{"loc":{"start":{"line":82,"column":4},"end":{"line":84,"column":5}},"type":"if","locations":[{"start":{"line":82,"column":4},"end":{"line":84,"column":5}},{"start":{},"end":{}}],"line":82},"5":{"loc":{"start":{"line":88,"column":4},"end":{"line":97,"column":5}},"type":"if","locations":[{"start":{"line":88,"column":4},"end":{"line":97,"column":5}},{"start":{"line":90,"column":11},"end":{"line":97,"column":5}}],"line":88},"6":{"loc":{"start":{"line":128,"column":17},"end":{"line":128,"column":64}},"type":"binary-expr","locations":[{"start":{"line":128,"column":17},"end":{"line":128,"column":34}},{"start":{"line":128,"column":38},"end":{"line":128,"column":64}}],"line":128}},"s":{"0":1,"1":5,"2":0,"3":0,"4":0,"5":0,"6":0,"7":0,"8":0,"9":0,"10":0,"11":0,"12":0,"13":0,"14":0,"15":0,"16":0,"17":0,"18":0,"19":0,"20":0,"21":0,"22":0,"23":0,"24":0,"25":0,"26":0,"27":0,"28":0,"29":0,"30":0,"31":0,"32":0,"33":0,"34":0,"35":0,"36":0,"37":0,"38":0,"39":0,"40":0,"41":0,"42":0,"43":0,"44":0,"45":0,"46":0,"47":0,"48":0,"49":0,"50":0,"51":0,"52":0,"53":0,"54":0,"55":0,"56":0,"57":0,"58":0,"59":0,"60":0,"61":0,"62":0,"63":0,"64":0,"65":0,"66":0,"67":0,"68":0,"69":0,"70":0,"71":0,"72":0,"73":0,"74":0,"75":0},"f":{"0":5,"1":0,"2":0,"3":0,"4":0,"5":0,"6":0,"7":0,"8":0,"9":0,"10":0,"11":0,"12":0},"b":{"0":[0,0],"1":[0,0],"2":[0,0],"3":[0,0],"4":[0,0],"5":[0,0],"6":[0,0]},"_coverageSchema":"1a1c01bbd47fc00a2c39e90264f33305004495a9","hash":"6418b568043da19a235f33159736506645aa2c44"}
,"/home/clecio/Trybe/Projetos/sd-029-b-project-recipes-app/src/components/CardMeals.jsx": {"path":"/home/clecio/Trybe/Projetos/sd-029-b-project-recipes-app/src/components/CardMeals.jsx","statementMap":{"0":{"start":{"line":5,"column":14},"end":{"line":5,"column":71}},"1":{"start":{"line":8,"column":57},"end":{"line":8,"column":79}},"2":{"start":{"line":9,"column":18},"end":{"line":9,"column":30}},"3":{"start":{"line":10,"column":42},"end":{"line":10,"column":54}},"4":{"start":{"line":11,"column":28},"end":{"line":11,"column":40}},"5":{"start":{"line":12,"column":34},"end":{"line":12,"column":46}},"6":{"start":{"line":13,"column":30},"end":{"line":13,"column":42}},"7":{"start":{"line":15,"column":2},"end":{"line":34,"column":17}},"8":{"start":{"line":16,"column":23},"end":{"line":23,"column":5}},"9":{"start":{"line":17,"column":21},"end":{"line":17,"column":23}},"10":{"start":{"line":18,"column":23},"end":{"line":18,"column":91}},"11":{"start":{"line":19,"column":18},"end":{"line":19,"column":39}},"12":{"start":{"line":20,"column":19},"end":{"line":20,"column":28}},"13":{"start":{"line":21,"column":6},"end":{"line":21,"column":38}},"14":{"start":{"line":22,"column":6},"end":{"line":22,"column":45}},"15":{"start":{"line":24,"column":4},"end":{"line":24,"column":17}},"16":{"start":{"line":26,"column":26},"end":{"line":32,"column":5}},"17":{"start":{"line":27,"column":21},"end":{"line":27,"column":22}},"18":{"start":{"line":28,"column":23},"end":{"line":28,"column":93}},"19":{"start":{"line":29,"column":18},"end":{"line":29,"column":39}},"20":{"start":{"line":30,"column":19},"end":{"line":30,"column":28}},"21":{"start":{"line":31,"column":6},"end":{"line":31,"column":41}},"22":{"start":{"line":33,"column":4},"end":{"line":33,"column":20}},"23":{"start":{"line":36,"column":23},"end":{"line":47,"column":3}},"24":{"start":{"line":37,"column":4},"end":{"line":46,"column":5}},"25":{"start":{"line":38,"column":6},"end":{"line":38,"column":29}},"26":{"start":{"line":40,"column":21},"end":{"line":40,"column":23}},"27":{"start":{"line":41,"column":23},"end":{"line":41,"column":98}},"28":{"start":{"line":42,"column":18},"end":{"line":42,"column":39}},"29":{"start":{"line":43,"column":19},"end":{"line":43,"column":28}},"30":{"start":{"line":44,"column":6},"end":{"line":44,"column":38}},"31":{"start":{"line":45,"column":6},"end":{"line":45,"column":22}},"32":{"start":{"line":49,"column":22},"end":{"line":53,"column":22}},"33":{"start":{"line":50,"column":4},"end":{"line":52,"column":5}},"34":{"start":{"line":51,"column":6},"end":{"line":51,"column":48}},"35":{"start":{"line":55,"column":2},"end":{"line":103,"column":90}},"36":{"start":{"line":56,"column":4},"end":{"line":100,"column":5}},"37":{"start":{"line":57,"column":26},"end":{"line":67,"column":7}},"38":{"start":{"line":58,"column":8},"end":{"line":66,"column":9}},"39":{"start":{"line":59,"column":25},"end":{"line":59,"column":27}},"40":{"start":{"line":60,"column":27},"end":{"line":60,"column":104}},"41":{"start":{"line":61,"column":22},"end":{"line":61,"column":43}},"42":{"start":{"line":62,"column":23},"end":{"line":62,"column":32}},"43":{"start":{"line":63,"column":10},"end":{"line":63,"column":42}},"44":{"start":{"line":65,"column":10},"end":{"line":65,"column":37}},"45":{"start":{"line":68,"column":6},"end":{"line":68,"column":20}},"46":{"start":{"line":69,"column":11},"end":{"line":100,"column":5}},"47":{"start":{"line":70,"column":34},"end":{"line":80,"column":7}},"48":{"start":{"line":71,"column":8},"end":{"line":79,"column":9}},"49":{"start":{"line":72,"column":25},"end":{"line":72,"column":27}},"50":{"start":{"line":73,"column":27},"end":{"line":73,"column":104}},"51":{"start":{"line":74,"column":22},"end":{"line":74,"column":43}},"52":{"start":{"line":75,"column":23},"end":{"line":75,"column":32}},"53":{"start":{"line":76,"column":10},"end":{"line":76,"column":42}},"54":{"start":{"line":78,"column":10},"end":{"line":78,"column":37}},"55":{"start":{"line":81,"column":6},"end":{"line":81,"column":28}},"56":{"start":{"line":82,"column":11},"end":{"line":100,"column":5}},"57":{"start":{"line":83,"column":6},"end":{"line":87,"column":7}},"58":{"start":{"line":84,"column":8},"end":{"line":84,"column":22}},"59":{"start":{"line":85,"column":8},"end":{"line":85,"column":25}},"60":{"start":{"line":86,"column":8},"end":{"line":86,"column":69}},"61":{"start":{"line":88,"column":32},"end":{"line":98,"column":7}},"62":{"start":{"line":89,"column":8},"end":{"line":97,"column":9}},"63":{"start":{"line":90,"column":25},"end":{"line":90,"column":27}},"64":{"start":{"line":91,"column":27},"end":{"line":91,"column":104}},"65":{"start":{"line":92,"column":22},"end":{"line":92,"column":43}},"66":{"start":{"line":93,"column":23},"end":{"line":93,"column":32}},"67":{"start":{"line":94,"column":10},"end":{"line":94,"column":42}},"68":{"start":{"line":96,"column":10},"end":{"line":96,"column":37}},"69":{"start":{"line":99,"column":6},"end":{"line":99,"column":26}},"70":{"start":{"line":102,"column":4},"end":{"line":102,"column":18}},"71":{"start":{"line":105,"column":25},"end":{"line":108,"column":3}},"72":{"start":{"line":106,"column":4},"end":{"line":106,"column":27}},"73":{"start":{"line":107,"column":4},"end":{"line":107,"column":18}},"74":{"start":{"line":110,"column":2},"end":{"line":148,"column":4}},"75":{"start":{"line":114,"column":10},"end":{"line":120,"column":19}},"76":{"start":{"line":115,"column":28},"end":{"line":115,"column":58}},"77":{"start":{"line":132,"column":10},"end":{"line":144,"column":17}}},"fnMap":{"0":{"name":"CardMeals","decl":{"start":{"line":7,"column":24},"end":{"line":7,"column":33}},"loc":{"start":{"line":7,"column":36},"end":{"line":149,"column":1}},"line":7},"1":{"name":"(anonymous_1)","decl":{"start":{"line":15,"column":12},"end":{"line":15,"column":13}},"loc":{"start":{"line":15,"column":18},"end":{"line":34,"column":3}},"line":15},"2":{"name":"(anonymous_2)","decl":{"start":{"line":16,"column":23},"end":{"line":16,"column":24}},"loc":{"start":{"line":16,"column":35},"end":{"line":23,"column":5}},"line":16},"3":{"name":"(anonymous_3)","decl":{"start":{"line":26,"column":26},"end":{"line":26,"column":27}},"loc":{"start":{"line":26,"column":38},"end":{"line":32,"column":5}},"line":26},"4":{"name":"(anonymous_4)","decl":{"start":{"line":36,"column":23},"end":{"line":36,"column":24}},"loc":{"start":{"line":36,"column":39},"end":{"line":47,"column":3}},"line":36},"5":{"name":"(anonymous_5)","decl":{"start":{"line":49,"column":34},"end":{"line":49,"column":35}},"loc":{"start":{"line":49,"column":40},"end":{"line":53,"column":3}},"line":49},"6":{"name":"(anonymous_6)","decl":{"start":{"line":55,"column":12},"end":{"line":55,"column":13}},"loc":{"start":{"line":55,"column":18},"end":{"line":103,"column":3}},"line":55},"7":{"name":"(anonymous_7)","decl":{"start":{"line":57,"column":26},"end":{"line":57,"column":27}},"loc":{"start":{"line":57,"column":38},"end":{"line":67,"column":7}},"line":57},"8":{"name":"(anonymous_8)","decl":{"start":{"line":70,"column":34},"end":{"line":70,"column":35}},"loc":{"start":{"line":70,"column":46},"end":{"line":80,"column":7}},"line":70},"9":{"name":"(anonymous_9)","decl":{"start":{"line":88,"column":32},"end":{"line":88,"column":33}},"loc":{"start":{"line":88,"column":44},"end":{"line":98,"column":7}},"line":88},"10":{"name":"(anonymous_10)","decl":{"start":{"line":105,"column":25},"end":{"line":105,"column":26}},"loc":{"start":{"line":105,"column":37},"end":{"line":108,"column":3}},"line":105},"11":{"name":"(anonymous_11)","decl":{"start":{"line":113,"column":21},"end":{"line":113,"column":22}},"loc":{"start":{"line":114,"column":10},"end":{"line":120,"column":19}},"line":114},"12":{"name":"(anonymous_12)","decl":{"start":{"line":115,"column":22},"end":{"line":115,"column":23}},"loc":{"start":{"line":115,"column":28},"end":{"line":115,"column":58}},"line":115},"13":{"name":"(anonymous_13)","decl":{"start":{"line":131,"column":18},"end":{"line":131,"column":19}},"loc":{"start":{"line":132,"column":10},"end":{"line":144,"column":17}},"line":132}},"branchMap":{"0":{"loc":{"start":{"line":37,"column":4},"end":{"line":46,"column":5}},"type":"if","locations":[{"start":{"line":37,"column":4},"end":{"line":46,"column":5}},{"start":{"line":39,"column":11},"end":{"line":46,"column":5}}],"line":37},"1":{"loc":{"start":{"line":50,"column":4},"end":{"line":52,"column":5}},"type":"if","locations":[{"start":{"line":50,"column":4},"end":{"line":52,"column":5}},{"start":{},"end":{}}],"line":50},"2":{"loc":{"start":{"line":50,"column":8},"end":{"line":50,"column":57}},"type":"binary-expr","locations":[{"start":{"line":50,"column":8},"end":{"line":50,"column":26}},{"start":{"line":50,"column":30},"end":{"line":50,"column":57}}],"line":50},"3":{"loc":{"start":{"line":56,"column":4},"end":{"line":100,"column":5}},"type":"if","locations":[{"start":{"line":56,"column":4},"end":{"line":100,"column":5}},{"start":{"line":69,"column":11},"end":{"line":100,"column":5}}],"line":56},"4":{"loc":{"start":{"line":69,"column":11},"end":{"line":100,"column":5}},"type":"if","locations":[{"start":{"line":69,"column":11},"end":{"line":100,"column":5}},{"start":{"line":82,"column":11},"end":{"line":100,"column":5}}],"line":69},"5":{"loc":{"start":{"line":82,"column":11},"end":{"line":100,"column":5}},"type":"if","locations":[{"start":{"line":82,"column":11},"end":{"line":100,"column":5}},{"start":{},"end":{}}],"line":82},"6":{"loc":{"start":{"line":83,"column":6},"end":{"line":87,"column":7}},"type":"if","locations":[{"start":{"line":83,"column":6},"end":{"line":87,"column":7}},{"start":{},"end":{}}],"line":83},"7":{"loc":{"start":{"line":133,"column":17},"end":{"line":133,"column":60}},"type":"binary-expr","locations":[{"start":{"line":133,"column":17},"end":{"line":133,"column":33}},{"start":{"line":133,"column":37},"end":{"line":133,"column":60}}],"line":133}},"s":{"0":1,"1":5,"2":0,"3":0,"4":0,"5":0,"6":0,"7":0,"8":0,"9":0,"10":0,"11":0,"12":0,"13":0,"14":0,"15":0,"16":0,"17":0,"18":0,"19":0,"20":0,"21":0,"22":0,"23":0,"24":0,"25":0,"26":0,"27":0,"28":0,"29":0,"30":0,"31":0,"32":0,"33":0,"34":0,"35":0,"36":0,"37":0,"38":0,"39":0,"40":0,"41":0,"42":0,"43":0,"44":0,"45":0,"46":0,"47":0,"48":0,"49":0,"50":0,"51":0,"52":0,"53":0,"54":0,"55":0,"56":0,"57":0,"58":0,"59":0,"60":0,"61":0,"62":0,"63":0,"64":0,"65":0,"66":0,"67":0,"68":0,"69":0,"70":0,"71":0,"72":0,"73":0,"74":0,"75":0,"76":0,"77":0},"f":{"0":5,"1":0,"2":0,"3":0,"4":0,"5":0,"6":0,"7":0,"8":0,"9":0,"10":0,"11":0,"12":0,"13":0},"b":{"0":[0,0],"1":[0,0],"2":[0,0],"3":[0,0],"4":[0,0],"5":[0,0],"6":[0,0],"7":[0,0]},"_coverageSchema":"1a1c01bbd47fc00a2c39e90264f33305004495a9","hash":"3f4bcce94efc9922762acccf4eccc207576f8325"}
,"/home/clecio/Trybe/Projetos/sd-029-b-project-recipes-app/src/components/FavoriteButton.jsx": {"path":"/home/clecio/Trybe/Projetos/sd-029-b-project-recipes-app/src/components/FavoriteButton.jsx","statementMap":{"0":{"start":{"line":7,"column":40},"end":{"line":7,"column":55}},"1":{"start":{"line":8,"column":24},"end":{"line":8,"column":62}},"2":{"start":{"line":9,"column":19},"end":{"line":9,"column":67}},"3":{"start":{"line":10,"column":26},"end":{"line":14,"column":8}},"4":{"start":{"line":11,"column":4},"end":{"line":13,"column":10}},"5":{"start":{"line":16,"column":2},"end":{"line":23,"column":42}},"6":{"start":{"line":17,"column":4},"end":{"line":22,"column":5}},"7":{"start":{"line":18,"column":18},"end":{"line":20,"column":7}},"8":{"start":{"line":19,"column":23},"end":{"line":19,"column":59}},"9":{"start":{"line":21,"column":6},"end":{"line":21,"column":26}},"10":{"start":{"line":25,"column":28},"end":{"line":51,"column":3}},"11":{"start":{"line":26,"column":25},"end":{"line":34,"column":5}},"12":{"start":{"line":36,"column":4},"end":{"line":50,"column":5}},"13":{"start":{"line":37,"column":6},"end":{"line":40,"column":8}},"14":{"start":{"line":41,"column":6},"end":{"line":41,"column":27}},"15":{"start":{"line":43,"column":6},"end":{"line":48,"column":8}},"16":{"start":{"line":46,"column":46},"end":{"line":46,"column":76}},"17":{"start":{"line":49,"column":6},"end":{"line":49,"column":28}},"18":{"start":{"line":53,"column":2},"end":{"line":61,"column":4}},"19":{"start":{"line":64,"column":0},"end":{"line":78,"column":2}}},"fnMap":{"0":{"name":"FavoriteButton","decl":{"start":{"line":6,"column":9},"end":{"line":6,"column":23}},"loc":{"start":{"line":6,"column":36},"end":{"line":62,"column":1}},"line":6},"1":{"name":"(anonymous_1)","decl":{"start":{"line":10,"column":34},"end":{"line":10,"column":35}},"loc":{"start":{"line":11,"column":4},"end":{"line":13,"column":10}},"line":11},"2":{"name":"(anonymous_2)","decl":{"start":{"line":16,"column":12},"end":{"line":16,"column":13}},"loc":{"start":{"line":16,"column":18},"end":{"line":23,"column":3}},"line":16},"3":{"name":"(anonymous_3)","decl":{"start":{"line":19,"column":8},"end":{"line":19,"column":9}},"loc":{"start":{"line":19,"column":23},"end":{"line":19,"column":59}},"line":19},"4":{"name":"(anonymous_4)","decl":{"start":{"line":25,"column":28},"end":{"line":25,"column":29}},"loc":{"start":{"line":25,"column":34},"end":{"line":51,"column":3}},"line":25},"5":{"name":"(anonymous_5)","decl":{"start":{"line":46,"column":33},"end":{"line":46,"column":34}},"loc":{"start":{"line":46,"column":46},"end":{"line":46,"column":76}},"line":46}},"branchMap":{"0":{"loc":{"start":{"line":9,"column":19},"end":{"line":9,"column":67}},"type":"cond-expr","locations":[{"start":{"line":9,"column":47},"end":{"line":9,"column":55}},{"start":{"line":9,"column":58},"end":{"line":9,"column":67}}],"line":9},"1":{"loc":{"start":{"line":11,"column":4},"end":{"line":13,"column":10}},"type":"cond-expr","locations":[{"start":{"line":12,"column":8},"end":{"line":12,"column":59}},{"start":{"line":13,"column":8},"end":{"line":13,"column":10}}],"line":11},"2":{"loc":{"start":{"line":17,"column":4},"end":{"line":22,"column":5}},"type":"if","locations":[{"start":{"line":17,"column":4},"end":{"line":22,"column":5}},{"start":{},"end":{}}],"line":17},"3":{"loc":{"start":{"line":28,"column":12},"end":{"line":28,"column":56}},"type":"cond-expr","locations":[{"start":{"line":28,"column":40},"end":{"line":28,"column":46}},{"start":{"line":28,"column":49},"end":{"line":28,"column":56}}],"line":28},"4":{"loc":{"start":{"line":29,"column":19},"end":{"line":29,"column":42}},"type":"binary-expr","locations":[{"start":{"line":29,"column":19},"end":{"line":29,"column":36}},{"start":{"line":29,"column":40},"end":{"line":29,"column":42}}],"line":29},"5":{"loc":{"start":{"line":30,"column":16},"end":{"line":30,"column":43}},"type":"binary-expr","locations":[{"start":{"line":30,"column":16},"end":{"line":30,"column":37}},{"start":{"line":30,"column":41},"end":{"line":30,"column":43}}],"line":30},"6":{"loc":{"start":{"line":31,"column":22},"end":{"line":31,"column":50}},"type":"binary-expr","locations":[{"start":{"line":31,"column":22},"end":{"line":31,"column":44}},{"start":{"line":31,"column":48},"end":{"line":31,"column":50}}],"line":31},"7":{"loc":{"start":{"line":32,"column":12},"end":{"line":32,"column":51}},"type":"binary-expr","locations":[{"start":{"line":32,"column":12},"end":{"line":32,"column":30}},{"start":{"line":32,"column":34},"end":{"line":32,"column":51}}],"line":32},"8":{"loc":{"start":{"line":33,"column":13},"end":{"line":33,"column":62}},"type":"binary-expr","locations":[{"start":{"line":33,"column":13},"end":{"line":33,"column":36}},{"start":{"line":33,"column":40},"end":{"line":33,"column":62}}],"line":33},"9":{"loc":{"start":{"line":36,"column":4},"end":{"line":50,"column":5}},"type":"if","locations":[{"start":{"line":36,"column":4},"end":{"line":50,"column":5}},{"start":{"line":42,"column":11},"end":{"line":50,"column":5}}],"line":36},"10":{"loc":{"start":{"line":57,"column":14},"end":{"line":57,"column":59}},"type":"cond-expr","locations":[{"start":{"line":57,"column":28},"end":{"line":57,"column":42}},{"start":{"line":57,"column":45},"end":{"line":57,"column":59}}],"line":57}},"s":{"0":2,"1":2,"2":2,"3":2,"4":2,"5":2,"6":2,"7":1,"8":0,"9":1,"10":2,"11":0,"12":0,"13":0,"14":0,"15":0,"16":0,"17":0,"18":2,"19":1},"f":{"0":2,"1":2,"2":2,"3":0,"4":0,"5":0},"b":{"0":[0,2],"1":[0,2],"2":[1,1],"3":[0,0],"4":[0,0],"5":[0,0],"6":[0,0],"7":[0,0],"8":[0,0],"9":[0,0],"10":[0,2]},"_coverageSchema":"1a1c01bbd47fc00a2c39e90264f33305004495a9","hash":"d70d85b4dfde771c9204f189075e9c44ae5ca482"}
,"/home/clecio/Trybe/Projetos/sd-029-b-project-recipes-app/src/components/Favorites.jsx": {"path":"/home/clecio/Trybe/Projetos/sd-029-b-project-recipes-app/src/components/Favorites.jsx","statementMap":{"0":{"start":{"line":7,"column":24},"end":{"line":7,"column":28}},"1":{"start":{"line":10,"column":48},"end":{"line":10,"column":60}},"2":{"start":{"line":12,"column":2},"end":{"line":17,"column":9}},"3":{"start":{"line":13,"column":28},"end":{"line":13,"column":79}},"4":{"start":{"line":14,"column":4},"end":{"line":16,"column":5}},"5":{"start":{"line":15,"column":6},"end":{"line":15,"column":42}},"6":{"start":{"line":19,"column":23},"end":{"line":35,"column":3}},"7":{"start":{"line":20,"column":28},"end":{"line":20,"column":79}},"8":{"start":{"line":22,"column":4},"end":{"line":24,"column":5}},"9":{"start":{"line":23,"column":6},"end":{"line":23,"column":42}},"10":{"start":{"line":26,"column":4},"end":{"line":29,"column":5}},"11":{"start":{"line":27,"column":26},"end":{"line":27,"column":80}},"12":{"start":{"line":27,"column":59},"end":{"line":27,"column":79}},"13":{"start":{"line":28,"column":6},"end":{"line":28,"column":38}},"14":{"start":{"line":31,"column":4},"end":{"line":34,"column":5}},"15":{"start":{"line":32,"column":27},"end":{"line":32,"column":82}},"16":{"start":{"line":32,"column":60},"end":{"line":32,"column":81}},"17":{"start":{"line":33,"column":6},"end":{"line":33,"column":39}},"18":{"start":{"line":38,"column":25},"end":{"line":38,"column":45}},"19":{"start":{"line":39,"column":4},"end":{"line":39,"column":34}},"20":{"start":{"line":40,"column":4},"end":{"line":40,"column":74}},"21":{"start":{"line":41,"column":4},"end":{"line":41,"column":37}},"22":{"start":{"line":45,"column":19},"end":{"line":45,"column":41}},"23":{"start":{"line":46,"column":22},"end":{"line":46,"column":74}},"24":{"start":{"line":47,"column":4},"end":{"line":47,"column":45}},"25":{"start":{"line":49,"column":20},"end":{"line":49,"column":49}},"26":{"start":{"line":50,"column":4},"end":{"line":50,"column":41}},"27":{"start":{"line":51,"column":4},"end":{"line":51,"column":37}},"28":{"start":{"line":52,"column":4},"end":{"line":52,"column":31}},"29":{"start":{"line":53,"column":4},"end":{"line":53,"column":33}},"30":{"start":{"line":54,"column":4},"end":{"line":54,"column":35}},"31":{"start":{"line":55,"column":4},"end":{"line":55,"column":44}},"32":{"start":{"line":56,"column":4},"end":{"line":56,"column":45}},"33":{"start":{"line":58,"column":4},"end":{"line":58,"column":39}},"34":{"start":{"line":60,"column":4},"end":{"line":62,"column":24}},"35":{"start":{"line":61,"column":6},"end":{"line":61,"column":23}},"36":{"start":{"line":65,"column":2},"end":{"line":130,"column":4}},"37":{"start":{"line":70,"column":26},"end":{"line":70,"column":45}},"38":{"start":{"line":77,"column":26},"end":{"line":77,"column":46}},"39":{"start":{"line":84,"column":26},"end":{"line":84,"column":47}},"40":{"start":{"line":93,"column":10},"end":{"line":126,"column":16}},"41":{"start":{"line":115,"column":30},"end":{"line":115,"column":54}},"42":{"start":{"line":122,"column":30},"end":{"line":122,"column":57}}},"fnMap":{"0":{"name":"Favorites","decl":{"start":{"line":9,"column":24},"end":{"line":9,"column":33}},"loc":{"start":{"line":9,"column":36},"end":{"line":131,"column":1}},"line":9},"1":{"name":"(anonymous_1)","decl":{"start":{"line":12,"column":12},"end":{"line":12,"column":13}},"loc":{"start":{"line":12,"column":18},"end":{"line":17,"column":3}},"line":12},"2":{"name":"(anonymous_2)","decl":{"start":{"line":19,"column":23},"end":{"line":19,"column":24}},"loc":{"start":{"line":19,"column":33},"end":{"line":35,"column":3}},"line":19},"3":{"name":"(anonymous_3)","decl":{"start":{"line":27,"column":49},"end":{"line":27,"column":50}},"loc":{"start":{"line":27,"column":59},"end":{"line":27,"column":79}},"line":27},"4":{"name":"(anonymous_4)","decl":{"start":{"line":32,"column":50},"end":{"line":32,"column":51}},"loc":{"start":{"line":32,"column":60},"end":{"line":32,"column":81}},"line":32},"5":{"name":"handleRemoveFavorite","decl":{"start":{"line":37,"column":11},"end":{"line":37,"column":31}},"loc":{"start":{"line":37,"column":39},"end":{"line":42,"column":3}},"line":37},"6":{"name":"handleShareRecipe","decl":{"start":{"line":44,"column":11},"end":{"line":44,"column":28}},"loc":{"start":{"line":44,"column":36},"end":{"line":63,"column":3}},"line":44},"7":{"name":"(anonymous_7)","decl":{"start":{"line":60,"column":15},"end":{"line":60,"column":16}},"loc":{"start":{"line":60,"column":21},"end":{"line":62,"column":5}},"line":60},"8":{"name":"(anonymous_8)","decl":{"start":{"line":70,"column":20},"end":{"line":70,"column":21}},"loc":{"start":{"line":70,"column":26},"end":{"line":70,"column":45}},"line":70},"9":{"name":"(anonymous_9)","decl":{"start":{"line":77,"column":20},"end":{"line":77,"column":21}},"loc":{"start":{"line":77,"column":26},"end":{"line":77,"column":46}},"line":77},"10":{"name":"(anonymous_10)","decl":{"start":{"line":84,"column":20},"end":{"line":84,"column":21}},"loc":{"start":{"line":84,"column":26},"end":{"line":84,"column":47}},"line":84},"11":{"name":"(anonymous_11)","decl":{"start":{"line":92,"column":29},"end":{"line":92,"column":30}},"loc":{"start":{"line":93,"column":10},"end":{"line":126,"column":16}},"line":93},"12":{"name":"(anonymous_12)","decl":{"start":{"line":115,"column":24},"end":{"line":115,"column":25}},"loc":{"start":{"line":115,"column":30},"end":{"line":115,"column":54}},"line":115},"13":{"name":"(anonymous_13)","decl":{"start":{"line":122,"column":24},"end":{"line":122,"column":25}},"loc":{"start":{"line":122,"column":30},"end":{"line":122,"column":57}},"line":122}},"branchMap":{"0":{"loc":{"start":{"line":14,"column":4},"end":{"line":16,"column":5}},"type":"if","locations":[{"start":{"line":14,"column":4},"end":{"line":16,"column":5}},{"start":{},"end":{}}],"line":14},"1":{"loc":{"start":{"line":22,"column":4},"end":{"line":24,"column":5}},"type":"if","locations":[{"start":{"line":22,"column":4},"end":{"line":24,"column":5}},{"start":{},"end":{}}],"line":22},"2":{"loc":{"start":{"line":26,"column":4},"end":{"line":29,"column":5}},"type":"if","locations":[{"start":{"line":26,"column":4},"end":{"line":29,"column":5}},{"start":{},"end":{}}],"line":26},"3":{"loc":{"start":{"line":31,"column":4},"end":{"line":34,"column":5}},"type":"if","locations":[{"start":{"line":31,"column":4},"end":{"line":34,"column":5}},{"start":{},"end":{}}],"line":31},"4":{"loc":{"start":{"line":105,"column":16},"end":{"line":106,"column":64}},"type":"cond-expr","locations":[{"start":{"line":105,"column":42},"end":{"line":105,"column":63}},{"start":{"line":106,"column":20},"end":{"line":106,"column":64}}],"line":105}},"s":{"0":1,"1":1,"2":1,"3":1,"4":1,"5":0,"6":1,"7":0,"8":0,"9":0,"10":0,"11":0,"12":0,"13":0,"14":0,"15":0,"16":0,"17":0,"18":0,"19":0,"20":0,"21":0,"22":0,"23":0,"24":0,"25":0,"26":0,"27":0,"28":0,"29":0,"30":0,"31":0,"32":0,"33":0,"34":0,"35":0,"36":1,"37":0,"38":0,"39":0,"40":0,"41":0,"42":0},"f":{"0":1,"1":1,"2":0,"3":0,"4":0,"5":0,"6":0,"7":0,"8":0,"9":0,"10":0,"11":0,"12":0,"13":0},"b":{"0":[0,1],"1":[0,0],"2":[0,0],"3":[0,0],"4":[0,0]},"_coverageSchema":"1a1c01bbd47fc00a2c39e90264f33305004495a9","hash":"13374f384fdb380c2f1782687713f5aed385875c"}
,"/home/clecio/Trybe/Projetos/sd-029-b-project-recipes-app/src/components/FinishButton.jsx": {"path":"/home/clecio/Trybe/Projetos/sd-029-b-project-recipes-app/src/components/FinishButton.jsx","statementMap":{"0":{"start":{"line":5,"column":18},"end":{"line":5,"column":30}},"1":{"start":{"line":6,"column":15},"end":{"line":6,"column":53}},"2":{"start":{"line":7,"column":19},"end":{"line":7,"column":58}},"3":{"start":{"line":8,"column":23},"end":{"line":8,"column":70}},"4":{"start":{"line":9,"column":2},"end":{"line":9,"column":51}},"5":{"start":{"line":9,"column":31},"end":{"line":9,"column":51}},"6":{"start":{"line":10,"column":16},"end":{"line":10,"column":26}},"7":{"start":{"line":11,"column":20},"end":{"line":11,"column":39}},"8":{"start":{"line":14,"column":22},"end":{"line":24,"column":5}},"9":{"start":{"line":25,"column":4},"end":{"line":25,"column":21}},"10":{"start":{"line":29,"column":28},"end":{"line":29,"column":42}},"11":{"start":{"line":30,"column":4},"end":{"line":33,"column":6}},"12":{"start":{"line":34,"column":4},"end":{"line":34,"column":49}},"13":{"start":{"line":36,"column":4},"end":{"line":36,"column":34}},"14":{"start":{"line":39,"column":2},"end":{"line":49,"column":4}},"15":{"start":{"line":52,"column":0},"end":{"line":66,"column":2}}},"fnMap":{"0":{"name":"FinishButton","decl":{"start":{"line":4,"column":9},"end":{"line":4,"column":21}},"loc":{"start":{"line":4,"column":44},"end":{"line":50,"column":1}},"line":4},"1":{"name":"formatRecipe","decl":{"start":{"line":13,"column":11},"end":{"line":13,"column":23}},"loc":{"start":{"line":13,"column":26},"end":{"line":26,"column":3}},"line":13},"2":{"name":"handleClick","decl":{"start":{"line":28,"column":11},"end":{"line":28,"column":22}},"loc":{"start":{"line":28,"column":25},"end":{"line":37,"column":3}},"line":28}},"branchMap":{"0":{"loc":{"start":{"line":7,"column":19},"end":{"line":7,"column":58}},"type":"cond-expr","locations":[{"start":{"line":7,"column":38},"end":{"line":7,"column":46}},{"start":{"line":7,"column":49},"end":{"line":7,"column":58}}],"line":7},"1":{"loc":{"start":{"line":9,"column":2},"end":{"line":9,"column":51}},"type":"if","locations":[{"start":{"line":9,"column":2},"end":{"line":9,"column":51}},{"start":{},"end":{}}],"line":9},"2":{"loc":{"start":{"line":16,"column":12},"end":{"line":16,"column":47}},"type":"cond-expr","locations":[{"start":{"line":16,"column":31},"end":{"line":16,"column":37}},{"start":{"line":16,"column":40},"end":{"line":16,"column":47}}],"line":16},"3":{"loc":{"start":{"line":17,"column":19},"end":{"line":17,"column":39}},"type":"binary-expr","locations":[{"start":{"line":17,"column":19},"end":{"line":17,"column":33}},{"start":{"line":17,"column":37},"end":{"line":17,"column":39}}],"line":17},"4":{"loc":{"start":{"line":18,"column":16},"end":{"line":18,"column":40}},"type":"binary-expr","locations":[{"start":{"line":18,"column":16},"end":{"line":18,"column":34}},{"start":{"line":18,"column":38},"end":{"line":18,"column":40}}],"line":18},"5":{"loc":{"start":{"line":19,"column":22},"end":{"line":19,"column":47}},"type":"binary-expr","locations":[{"start":{"line":19,"column":22},"end":{"line":19,"column":41}},{"start":{"line":19,"column":45},"end":{"line":19,"column":47}}],"line":19},"6":{"loc":{"start":{"line":20,"column":12},"end":{"line":20,"column":45}},"type":"binary-expr","locations":[{"start":{"line":20,"column":12},"end":{"line":20,"column":27}},{"start":{"line":20,"column":31},"end":{"line":20,"column":45}}],"line":20},"7":{"loc":{"start":{"line":21,"column":13},"end":{"line":21,"column":56}},"type":"binary-expr","locations":[{"start":{"line":21,"column":13},"end":{"line":21,"column":33}},{"start":{"line":21,"column":37},"end":{"line":21,"column":56}}],"line":21},"8":{"loc":{"start":{"line":22,"column":12},"end":{"line":22,"column":68}},"type":"cond-expr","locations":[{"start":{"line":22,"column":38},"end":{"line":22,"column":40}},{"start":{"line":22,"column":43},"end":{"line":22,"column":68}}],"line":22}},"s":{"0":2,"1":2,"2":2,"3":2,"4":2,"5":2,"6":2,"7":2,"8":0,"9":0,"10":0,"11":0,"12":0,"13":0,"14":2,"15":1},"f":{"0":2,"1":0,"2":0},"b":{"0":[0,2],"1":[2,0],"2":[0,0],"3":[0,0],"4":[0,0],"5":[0,0],"6":[0,0],"7":[0,0],"8":[0,0]},"_coverageSchema":"1a1c01bbd47fc00a2c39e90264f33305004495a9","hash":"83b7130f65f9fe1720f4dcf182a2ebe7041aa5dd"}
,"/home/clecio/Trybe/Projetos/sd-029-b-project-recipes-app/src/components/Footer.jsx": {"path":"/home/clecio/Trybe/Projetos/sd-029-b-project-recipes-app/src/components/Footer.jsx","statementMap":{"0":{"start":{"line":8,"column":2},"end":{"line":27,"column":4}}},"fnMap":{"0":{"name":"Footer","decl":{"start":{"line":7,"column":9},"end":{"line":7,"column":15}},"loc":{"start":{"line":7,"column":18},"end":{"line":28,"column":1}},"line":7}},"branchMap":{},"s":{"0":9},"f":{"0":9},"b":{},"_coverageSchema":"1a1c01bbd47fc00a2c39e90264f33305004495a9","hash":"45846526dc76594da20e6709b3fd722a272cfe7e"}
,"/home/clecio/Trybe/Projetos/sd-029-b-project-recipes-app/src/components/GetPageTitle.js": {"path":"/home/clecio/Trybe/Projetos/sd-029-b-project-recipes-app/src/components/GetPageTitle.js","statementMap":{"0":{"start":{"line":2,"column":2},"end":{"line":15,"column":3}},"1":{"start":{"line":4,"column":4},"end":{"line":4,"column":19}},"2":{"start":{"line":6,"column":4},"end":{"line":6,"column":20}},"3":{"start":{"line":8,"column":4},"end":{"line":8,"column":21}},"4":{"start":{"line":10,"column":4},"end":{"line":10,"column":26}},"5":{"start":{"line":12,"column":4},"end":{"line":12,"column":30}},"6":{"start":{"line":14,"column":4},"end":{"line":14,"column":28}}},"fnMap":{"0":{"name":"getPageTitle","decl":{"start":{"line":1,"column":16},"end":{"line":1,"column":28}},"loc":{"start":{"line":1,"column":39},"end":{"line":16,"column":1}},"line":1}},"branchMap":{"0":{"loc":{"start":{"line":2,"column":2},"end":{"line":15,"column":3}},"type":"switch","locations":[{"start":{"line":3,"column":2},"end":{"line":4,"column":19}},{"start":{"line":5,"column":2},"end":{"line":6,"column":20}},{"start":{"line":7,"column":2},"end":{"line":8,"column":21}},{"start":{"line":9,"column":2},"end":{"line":10,"column":26}},{"start":{"line":11,"column":2},"end":{"line":12,"column":30}},{"start":{"line":13,"column":2},"end":{"line":14,"column":28}}],"line":2}},"s":{"0":33,"1":6,"2":2,"3":0,"4":1,"5":2,"6":22},"f":{"0":33},"b":{"0":[6,2,0,1,2,22]},"_coverageSchema":"1a1c01bbd47fc00a2c39e90264f33305004495a9","hash":"f08adb955127d846abee90028871fd7e4d232ad8"}
,"/home/clecio/Trybe/Projetos/sd-029-b-project-recipes-app/src/components/Header.jsx": {"path":"/home/clecio/Trybe/Projetos/sd-029-b-project-recipes-app/src/components/Header.jsx","statementMap":{"0":{"start":{"line":10,"column":19},"end":{"line":10,"column":32}},"1":{"start":{"line":11,"column":23},"end":{"line":12,"column":38}},"2":{"start":{"line":14,"column":54},"end":{"line":14,"column":69}},"3":{"start":{"line":16,"column":32},"end":{"line":18,"column":3}},"4":{"start":{"line":17,"column":4},"end":{"line":17,"column":47}},"5":{"start":{"line":20,"column":2},"end":{"line":39,"column":4}}},"fnMap":{"0":{"name":"Header","decl":{"start":{"line":9,"column":9},"end":{"line":9,"column":15}},"loc":{"start":{"line":9,"column":18},"end":{"line":40,"column":1}},"line":9},"1":{"name":"(anonymous_1)","decl":{"start":{"line":16,"column":32},"end":{"line":16,"column":33}},"loc":{"start":{"line":16,"column":38},"end":{"line":18,"column":3}},"line":16}},"branchMap":{"0":{"loc":{"start":{"line":11,"column":23},"end":{"line":12,"column":38}},"type":"binary-expr","locations":[{"start":{"line":11,"column":23},"end":{"line":11,"column":53}},{"start":{"line":12,"column":7},"end":{"line":12,"column":38}}],"line":11},"1":{"loc":{"start":{"line":25,"column":7},"end":{"line":36,"column":7}},"type":"binary-expr","locations":[{"start":{"line":25,"column":7},"end":{"line":25,"column":19}},{"start":{"line":26,"column":8},"end":{"line":35,"column":25}}],"line":25},"2":{"loc":{"start":{"line":34,"column":11},"end":{"line":34,"column":46}},"type":"binary-expr","locations":[{"start":{"line":34,"column":11},"end":{"line":34,"column":29}},{"start":{"line":34,"column":33},"end":{"line":34,"column":46}}],"line":34}},"s":{"0":34,"1":33,"2":33,"3":33,"4":1,"5":33},"f":{"0":34,"1":1},"b":{"0":[33,27],"1":[33,8],"2":[8,2]},"_coverageSchema":"1a1c01bbd47fc00a2c39e90264f33305004495a9","hash":"64305b580f4201f2cec1da2e05ce75e6251a0593"}
,"/home/clecio/Trybe/Projetos/sd-029-b-project-recipes-app/src/components/RecipeIngredients.jsx": {"path":"/home/clecio/Trybe/Projetos/sd-029-b-project-recipes-app/src/components/RecipeIngredients.jsx","statementMap":{"0":{"start":{"line":7,"column":22},"end":{"line":7,"column":24}},"1":{"start":{"line":8,"column":19},"end":{"line":8,"column":21}},"2":{"start":{"line":9,"column":56},"end":{"line":9,"column":68}},"3":{"start":{"line":10,"column":34},"end":{"line":10,"column":49}},"4":{"start":{"line":12,"column":2},"end":{"line":16,"column":9}},"5":{"start":{"line":13,"column":25},"end":{"line":13,"column":78}},"6":{"start":{"line":14,"column":4},"end":{"line":14,"column":53}},"7":{"start":{"line":14,"column":33},"end":{"line":14,"column":53}},"8":{"start":{"line":15,"column":4},"end":{"line":15,"column":43}},"9":{"start":{"line":18,"column":2},"end":{"line":24,"column":48}},"10":{"start":{"line":19,"column":4},"end":{"line":23,"column":5}},"11":{"start":{"line":20,"column":6},"end":{"line":20,"column":24}},"12":{"start":{"line":22,"column":6},"end":{"line":22,"column":25}},"13":{"start":{"line":27,"column":4},"end":{"line":43,"column":5}},"14":{"start":{"line":28,"column":6},"end":{"line":30,"column":8}},"15":{"start":{"line":29,"column":45},"end":{"line":29,"column":64}},"16":{"start":{"line":31,"column":6},"end":{"line":36,"column":8}},"17":{"start":{"line":34,"column":47},"end":{"line":34,"column":66}},"18":{"start":{"line":38,"column":6},"end":{"line":38,"column":67}},"19":{"start":{"line":39,"column":6},"end":{"line":42,"column":8}},"20":{"start":{"line":46,"column":2},"end":{"line":60,"column":5}},"21":{"start":{"line":47,"column":4},"end":{"line":52,"column":5}},"22":{"start":{"line":48,"column":25},"end":{"line":48,"column":36}},"23":{"start":{"line":49,"column":6},"end":{"line":51,"column":7}},"24":{"start":{"line":50,"column":8},"end":{"line":50,"column":37}},"25":{"start":{"line":53,"column":4},"end":{"line":59,"column":5}},"26":{"start":{"line":54,"column":20},"end":{"line":54,"column":31}},"27":{"start":{"line":55,"column":6},"end":{"line":57,"column":7}},"28":{"start":{"line":56,"column":8},"end":{"line":56,"column":21}},"29":{"start":{"line":58,"column":6},"end":{"line":58,"column":29}},"30":{"start":{"line":62,"column":2},"end":{"line":88,"column":4}},"31":{"start":{"line":66,"column":10},"end":{"line":83,"column":18}},"32":{"start":{"line":78,"column":31},"end":{"line":78,"column":54}},"33":{"start":{"line":91,"column":0},"end":{"line":93,"column":2}}},"fnMap":{"0":{"name":"RecipeIngredients","decl":{"start":{"line":6,"column":9},"end":{"line":6,"column":26}},"loc":{"start":{"line":6,"column":39},"end":{"line":89,"column":1}},"line":6},"1":{"name":"(anonymous_1)","decl":{"start":{"line":12,"column":12},"end":{"line":12,"column":13}},"loc":{"start":{"line":12,"column":18},"end":{"line":16,"column":3}},"line":12},"2":{"name":"(anonymous_2)","decl":{"start":{"line":18,"column":12},"end":{"line":18,"column":13}},"loc":{"start":{"line":18,"column":18},"end":{"line":24,"column":3}},"line":18},"3":{"name":"handleCheck","decl":{"start":{"line":26,"column":11},"end":{"line":26,"column":22}},"loc":{"start":{"line":26,"column":35},"end":{"line":44,"column":3}},"line":26},"4":{"name":"(anonymous_4)","decl":{"start":{"line":29,"column":35},"end":{"line":29,"column":36}},"loc":{"start":{"line":29,"column":45},"end":{"line":29,"column":64}},"line":29},"5":{"name":"(anonymous_5)","decl":{"start":{"line":34,"column":37},"end":{"line":34,"column":38}},"loc":{"start":{"line":34,"column":47},"end":{"line":34,"column":66}},"line":34},"6":{"name":"(anonymous_6)","decl":{"start":{"line":46,"column":30},"end":{"line":46,"column":31}},"loc":{"start":{"line":46,"column":39},"end":{"line":60,"column":3}},"line":46},"7":{"name":"(anonymous_7)","decl":{"start":{"line":65,"column":25},"end":{"line":65,"column":26}},"loc":{"start":{"line":66,"column":10},"end":{"line":83,"column":18}},"line":66},"8":{"name":"(anonymous_8)","decl":{"start":{"line":78,"column":25},"end":{"line":78,"column":26}},"loc":{"start":{"line":78,"column":31},"end":{"line":78,"column":54}},"line":78}},"branchMap":{"0":{"loc":{"start":{"line":14,"column":4},"end":{"line":14,"column":53}},"type":"if","locations":[{"start":{"line":14,"column":4},"end":{"line":14,"column":53}},{"start":{},"end":{}}],"line":14},"1":{"loc":{"start":{"line":19,"column":4},"end":{"line":23,"column":5}},"type":"if","locations":[{"start":{"line":19,"column":4},"end":{"line":23,"column":5}},{"start":{"line":21,"column":11},"end":{"line":23,"column":5}}],"line":19},"2":{"loc":{"start":{"line":27,"column":4},"end":{"line":43,"column":5}},"type":"if","locations":[{"start":{"line":27,"column":4},"end":{"line":43,"column":5}},{"start":{"line":37,"column":11},"end":{"line":43,"column":5}}],"line":27},"3":{"loc":{"start":{"line":47,"column":4},"end":{"line":52,"column":5}},"type":"if","locations":[{"start":{"line":47,"column":4},"end":{"line":52,"column":5}},{"start":{},"end":{}}],"line":47},"4":{"loc":{"start":{"line":49,"column":6},"end":{"line":51,"column":7}},"type":"if","locations":[{"start":{"line":49,"column":6},"end":{"line":51,"column":7}},{"start":{},"end":{}}],"line":49},"5":{"loc":{"start":{"line":49,"column":10},"end":{"line":49,"column":50}},"type":"binary-expr","locations":[{"start":{"line":49,"column":10},"end":{"line":49,"column":27}},{"start":{"line":49,"column":31},"end":{"line":49,"column":50}}],"line":49},"6":{"loc":{"start":{"line":53,"column":4},"end":{"line":59,"column":5}},"type":"if","locations":[{"start":{"line":53,"column":4},"end":{"line":59,"column":5}},{"start":{},"end":{}}],"line":53},"7":{"loc":{"start":{"line":55,"column":6},"end":{"line":57,"column":7}},"type":"if","locations":[{"start":{"line":55,"column":6},"end":{"line":57,"column":7}},{"start":{},"end":{}}],"line":55},"8":{"loc":{"start":{"line":68,"column":14},"end":{"line":68,"column":70}},"type":"cond-expr","locations":[{"start":{"line":68,"column":57},"end":{"line":68,"column":65}},{"start":{"line":68,"column":68},"end":{"line":68,"column":70}}],"line":68}},"s":{"0":2,"1":2,"2":2,"3":2,"4":2,"5":2,"6":2,"7":2,"8":2,"9":2,"10":2,"11":0,"12":2,"13":0,"14":0,"15":0,"16":0,"17":0,"18":0,"19":0,"20":2,"21":44,"22":16,"23":16,"24":16,"25":44,"26":14,"27":14,"28":0,"29":14,"30":2,"31":16,"32":0,"33":1},"f":{"0":2,"1":2,"2":2,"3":0,"4":0,"5":0,"6":44,"7":16,"8":0},"b":{"0":[2,0],"1":[0,2],"2":[0,0],"3":[16,28],"4":[16,0],"5":[16,16],"6":[14,30],"7":[0,14],"8":[0,16]},"_coverageSchema":"1a1c01bbd47fc00a2c39e90264f33305004495a9","hash":"585b95e5ea1b580c3af28325342afca92c9e0db6"}
,"/home/clecio/Trybe/Projetos/sd-029-b-project-recipes-app/src/components/RecipesDetailsDrinks.jsx": {"path":"/home/clecio/Trybe/Projetos/sd-029-b-project-recipes-app/src/components/RecipesDetailsDrinks.jsx","statementMap":{"0":{"start":{"line":9,"column":20},"end":{"line":9,"column":22}},"1":{"start":{"line":12,"column":19},"end":{"line":12,"column":32}},"2":{"start":{"line":13,"column":18},"end":{"line":13,"column":30}},"3":{"start":{"line":14,"column":17},"end":{"line":14,"column":28}},"4":{"start":{"line":15,"column":38},"end":{"line":15,"column":53}},"5":{"start":{"line":16,"column":30},"end":{"line":16,"column":42}},"6":{"start":{"line":17,"column":30},"end":{"line":17,"column":45}},"7":{"start":{"line":18,"column":46},"end":{"line":18,"column":58}},"8":{"start":{"line":19,"column":38},"end":{"line":19,"column":53}},"9":{"start":{"line":21,"column":2},"end":{"line":43,"column":37}},"10":{"start":{"line":22,"column":24},"end":{"line":38,"column":5}},"11":{"start":{"line":23,"column":23},"end":{"line":23,"column":100}},"12":{"start":{"line":24,"column":18},"end":{"line":24,"column":39}},"13":{"start":{"line":25,"column":19},"end":{"line":25,"column":29}},"14":{"start":{"line":27,"column":6},"end":{"line":36,"column":7}},"15":{"start":{"line":28,"column":23},"end":{"line":28,"column":25}},"16":{"start":{"line":29,"column":8},"end":{"line":35,"column":9}},"17":{"start":{"line":29,"column":25},"end":{"line":29,"column":26}},"18":{"start":{"line":30,"column":26},"end":{"line":30,"column":55}},"19":{"start":{"line":31,"column":29},"end":{"line":31,"column":61}},"20":{"start":{"line":32,"column":10},"end":{"line":34,"column":12}},"21":{"start":{"line":37,"column":6},"end":{"line":37,"column":22}},"22":{"start":{"line":39,"column":4},"end":{"line":39,"column":18}},"23":{"start":{"line":41,"column":19},"end":{"line":41,"column":72}},"24":{"start":{"line":42,"column":4},"end":{"line":42,"column":36}},"25":{"start":{"line":42,"column":16},"end":{"line":42,"column":36}},"26":{"start":{"line":45,"column":2},"end":{"line":50,"column":9}},"27":{"start":{"line":46,"column":25},"end":{"line":46,"column":76}},"28":{"start":{"line":47,"column":4},"end":{"line":49,"column":5}},"29":{"start":{"line":48,"column":6},"end":{"line":48,"column":38}},"30":{"start":{"line":52,"column":2},"end":{"line":54,"column":23}},"31":{"start":{"line":53,"column":4},"end":{"line":53,"column":76}},"32":{"start":{"line":56,"column":2},"end":{"line":59,"column":27}},"33":{"start":{"line":57,"column":29},"end":{"line":57,"column":78}},"34":{"start":{"line":57,"column":61},"end":{"line":57,"column":77}},"35":{"start":{"line":58,"column":4},"end":{"line":58,"column":36}},"36":{"start":{"line":61,"column":27},"end":{"line":65,"column":3}},"37":{"start":{"line":62,"column":23},"end":{"line":62,"column":43}},"38":{"start":{"line":63,"column":4},"end":{"line":63,"column":36}},"39":{"start":{"line":64,"column":4},"end":{"line":64,"column":20}},"40":{"start":{"line":67,"column":25},"end":{"line":86,"column":3}},"41":{"start":{"line":68,"column":4},"end":{"line":68,"column":31}},"42":{"start":{"line":69,"column":4},"end":{"line":85,"column":5}},"43":{"start":{"line":70,"column":21},"end":{"line":78,"column":7}},"44":{"start":{"line":79,"column":6},"end":{"line":79,"column":53}},"45":{"start":{"line":81,"column":29},"end":{"line":83,"column":7}},"46":{"start":{"line":82,"column":20},"end":{"line":82,"column":51}},"47":{"start":{"line":84,"column":6},"end":{"line":84,"column":40}},"48":{"start":{"line":88,"column":22},"end":{"line":96,"column":3}},"49":{"start":{"line":89,"column":4},"end":{"line":91,"column":5}},"50":{"start":{"line":90,"column":6},"end":{"line":90,"column":47}},"51":{"start":{"line":93,"column":4},"end":{"line":95,"column":5}},"52":{"start":{"line":94,"column":6},"end":{"line":94,"column":48}},"53":{"start":{"line":98,"column":2},"end":{"line":151,"column":4}},"54":{"start":{"line":114,"column":10},"end":{"line":138,"column":16}},"55":{"start":{"line":128,"column":18},"end":{"line":133,"column":23}}},"fnMap":{"0":{"name":"RecipesDetailsDrinks","decl":{"start":{"line":11,"column":24},"end":{"line":11,"column":44}},"loc":{"start":{"line":11,"column":47},"end":{"line":152,"column":1}},"line":11},"1":{"name":"(anonymous_1)","decl":{"start":{"line":21,"column":12},"end":{"line":21,"column":13}},"loc":{"start":{"line":21,"column":18},"end":{"line":43,"column":3}},"line":21},"2":{"name":"(anonymous_2)","decl":{"start":{"line":22,"column":24},"end":{"line":22,"column":25}},"loc":{"start":{"line":22,"column":36},"end":{"line":38,"column":5}},"line":22},"3":{"name":"(anonymous_3)","decl":{"start":{"line":45,"column":12},"end":{"line":45,"column":13}},"loc":{"start":{"line":45,"column":18},"end":{"line":50,"column":3}},"line":45},"4":{"name":"(anonymous_4)","decl":{"start":{"line":52,"column":12},"end":{"line":52,"column":13}},"loc":{"start":{"line":52,"column":18},"end":{"line":54,"column":3}},"line":52},"5":{"name":"(anonymous_5)","decl":{"start":{"line":56,"column":12},"end":{"line":56,"column":13}},"loc":{"start":{"line":56,"column":18},"end":{"line":59,"column":3}},"line":56},"6":{"name":"(anonymous_6)","decl":{"start":{"line":57,"column":49},"end":{"line":57,"column":50}},"loc":{"start":{"line":57,"column":61},"end":{"line":57,"column":77}},"line":57},"7":{"name":"(anonymous_7)","decl":{"start":{"line":61,"column":27},"end":{"line":61,"column":28}},"loc":{"start":{"line":61,"column":39},"end":{"line":65,"column":3}},"line":61},"8":{"name":"(anonymous_8)","decl":{"start":{"line":67,"column":25},"end":{"line":67,"column":26}},"loc":{"start":{"line":67,"column":31},"end":{"line":86,"column":3}},"line":67},"9":{"name":"(anonymous_9)","decl":{"start":{"line":82,"column":8},"end":{"line":82,"column":9}},"loc":{"start":{"line":82,"column":20},"end":{"line":82,"column":51}},"line":82},"10":{"name":"(anonymous_10)","decl":{"start":{"line":88,"column":22},"end":{"line":88,"column":23}},"loc":{"start":{"line":88,"column":28},"end":{"line":96,"column":3}},"line":88},"11":{"name":"(anonymous_11)","decl":{"start":{"line":113,"column":19},"end":{"line":113,"column":20}},"loc":{"start":{"line":114,"column":10},"end":{"line":138,"column":16}},"line":114},"12":{"name":"(anonymous_12)","decl":{"start":{"line":127,"column":32},"end":{"line":127,"column":33}},"loc":{"start":{"line":128,"column":18},"end":{"line":133,"column":23}},"line":128}},"branchMap":{"0":{"loc":{"start":{"line":27,"column":6},"end":{"line":36,"column":7}},"type":"if","locations":[{"start":{"line":27,"column":6},"end":{"line":36,"column":7}},{"start":{},"end":{}}],"line":27},"1":{"loc":{"start":{"line":42,"column":4},"end":{"line":42,"column":36}},"type":"if","locations":[{"start":{"line":42,"column":4},"end":{"line":42,"column":36}},{"start":{},"end":{}}],"line":42},"2":{"loc":{"start":{"line":47,"column":4},"end":{"line":49,"column":5}},"type":"if","locations":[{"start":{"line":47,"column":4},"end":{"line":49,"column":5}},{"start":{},"end":{}}],"line":47},"3":{"loc":{"start":{"line":69,"column":4},"end":{"line":85,"column":5}},"type":"if","locations":[{"start":{"line":69,"column":4},"end":{"line":85,"column":5}},{"start":{"line":80,"column":11},"end":{"line":85,"column":5}}],"line":69},"4":{"loc":{"start":{"line":73,"column":21},"end":{"line":73,"column":44}},"type":"binary-expr","locations":[{"start":{"line":73,"column":21},"end":{"line":73,"column":38}},{"start":{"line":73,"column":42},"end":{"line":73,"column":44}}],"line":73},"5":{"loc":{"start":{"line":74,"column":18},"end":{"line":74,"column":45}},"type":"binary-expr","locations":[{"start":{"line":74,"column":18},"end":{"line":74,"column":39}},{"start":{"line":74,"column":43},"end":{"line":74,"column":45}}],"line":74},"6":{"loc":{"start":{"line":75,"column":24},"end":{"line":75,"column":52}},"type":"binary-expr","locations":[{"start":{"line":75,"column":24},"end":{"line":75,"column":46}},{"start":{"line":75,"column":50},"end":{"line":75,"column":52}}],"line":75},"7":{"loc":{"start":{"line":89,"column":4},"end":{"line":91,"column":5}},"type":"if","locations":[{"start":{"line":89,"column":4},"end":{"line":91,"column":5}},{"start":{},"end":{}}],"line":89},"8":{"loc":{"start":{"line":93,"column":4},"end":{"line":95,"column":5}},"type":"if","locations":[{"start":{"line":93,"column":4},"end":{"line":95,"column":5}},{"start":{},"end":{}}],"line":93},"9":{"loc":{"start":{"line":103,"column":7},"end":{"line":103,"column":36}},"type":"binary-expr","locations":[{"start":{"line":103,"column":7},"end":{"line":103,"column":13}},{"start":{"line":103,"column":17},"end":{"line":103,"column":36}}],"line":103},"10":{"loc":{"start":{"line":105,"column":14},"end":{"line":105,"column":56}},"type":"cond-expr","locations":[{"start":{"line":105,"column":27},"end":{"line":105,"column":39}},{"start":{"line":105,"column":42},"end":{"line":105,"column":56}}],"line":105},"11":{"loc":{"start":{"line":110,"column":19},"end":{"line":110,"column":61}},"type":"cond-expr","locations":[{"start":{"line":110,"column":32},"end":{"line":110,"column":44}},{"start":{"line":110,"column":47},"end":{"line":110,"column":61}}],"line":110},"12":{"loc":{"start":{"line":148,"column":10},"end":{"line":148,"column":57}},"type":"cond-expr","locations":[{"start":{"line":148,"column":23},"end":{"line":148,"column":40}},{"start":{"line":148,"column":43},"end":{"line":148,"column":57}}],"line":148}},"s":{"0":1,"1":0,"2":0,"3":0,"4":0,"5":0,"6":0,"7":0,"8":0,"9":0,"10":0,"11":0,"12":0,"13":0,"14":0,"15":0,"16":0,"17":0,"18":0,"19":0,"20":0,"21":0,"22":0,"23":0,"24":0,"25":0,"26":0,"27":0,"28":0,"29":0,"30":0,"31":0,"32":0,"33":0,"34":0,"35":0,"36":0,"37":0,"38":0,"39":0,"40":0,"41":0,"42":0,"43":0,"44":0,"45":0,"46":0,"47":0,"48":0,"49":0,"50":0,"51":0,"52":0,"53":0,"54":0,"55":0},"f":{"0":0,"1":0,"2":0,"3":0,"4":0,"5":0,"6":0,"7":0,"8":0,"9":0,"10":0,"11":0,"12":0},"b":{"0":[0,0],"1":[0,0],"2":[0,0],"3":[0,0],"4":[0,0],"5":[0,0],"6":[0,0],"7":[0,0],"8":[0,0],"9":[0,0],"10":[0,0],"11":[0,0],"12":[0,0]},"_coverageSchema":"1a1c01bbd47fc00a2c39e90264f33305004495a9","hash":"8e7af0cc5647d95bc4870cb16278f4a0b689fcd0"}
,"/home/clecio/Trybe/Projetos/sd-029-b-project-recipes-app/src/components/RecipesDetailsMeals.jsx": {"path":"/home/clecio/Trybe/Projetos/sd-029-b-project-recipes-app/src/components/RecipesDetailsMeals.jsx","statementMap":{"0":{"start":{"line":9,"column":20},"end":{"line":9,"column":22}},"1":{"start":{"line":12,"column":19},"end":{"line":12,"column":32}},"2":{"start":{"line":13,"column":18},"end":{"line":13,"column":30}},"3":{"start":{"line":14,"column":17},"end":{"line":14,"column":28}},"4":{"start":{"line":15,"column":38},"end":{"line":15,"column":53}},"5":{"start":{"line":16,"column":28},"end":{"line":16,"column":40}},"6":{"start":{"line":17,"column":30},"end":{"line":17,"column":45}},"7":{"start":{"line":18,"column":46},"end":{"line":18,"column":58}},"8":{"start":{"line":19,"column":38},"end":{"line":19,"column":53}},"9":{"start":{"line":21,"column":2},"end":{"line":43,"column":36}},"10":{"start":{"line":22,"column":23},"end":{"line":38,"column":5}},"11":{"start":{"line":23,"column":23},"end":{"line":23,"column":96}},"12":{"start":{"line":24,"column":18},"end":{"line":24,"column":39}},"13":{"start":{"line":25,"column":19},"end":{"line":25,"column":28}},"14":{"start":{"line":27,"column":6},"end":{"line":36,"column":7}},"15":{"start":{"line":28,"column":23},"end":{"line":28,"column":25}},"16":{"start":{"line":29,"column":8},"end":{"line":35,"column":9}},"17":{"start":{"line":29,"column":25},"end":{"line":29,"column":26}},"18":{"start":{"line":30,"column":26},"end":{"line":30,"column":55}},"19":{"start":{"line":31,"column":29},"end":{"line":31,"column":61}},"20":{"start":{"line":32,"column":10},"end":{"line":34,"column":12}},"21":{"start":{"line":37,"column":6},"end":{"line":37,"column":21}},"22":{"start":{"line":39,"column":4},"end":{"line":39,"column":17}},"23":{"start":{"line":41,"column":19},"end":{"line":41,"column":72}},"24":{"start":{"line":42,"column":4},"end":{"line":42,"column":36}},"25":{"start":{"line":42,"column":16},"end":{"line":42,"column":36}},"26":{"start":{"line":45,"column":2},"end":{"line":50,"column":9}},"27":{"start":{"line":46,"column":25},"end":{"line":46,"column":76}},"28":{"start":{"line":47,"column":4},"end":{"line":49,"column":5}},"29":{"start":{"line":48,"column":6},"end":{"line":48,"column":38}},"30":{"start":{"line":52,"column":2},"end":{"line":54,"column":23}},"31":{"start":{"line":53,"column":4},"end":{"line":53,"column":76}},"32":{"start":{"line":56,"column":2},"end":{"line":59,"column":27}},"33":{"start":{"line":57,"column":29},"end":{"line":57,"column":78}},"34":{"start":{"line":57,"column":61},"end":{"line":57,"column":77}},"35":{"start":{"line":58,"column":4},"end":{"line":58,"column":36}},"36":{"start":{"line":61,"column":27},"end":{"line":65,"column":3}},"37":{"start":{"line":62,"column":23},"end":{"line":62,"column":43}},"38":{"start":{"line":63,"column":4},"end":{"line":63,"column":36}},"39":{"start":{"line":64,"column":4},"end":{"line":64,"column":20}},"40":{"start":{"line":67,"column":25},"end":{"line":86,"column":3}},"41":{"start":{"line":68,"column":4},"end":{"line":68,"column":31}},"42":{"start":{"line":69,"column":4},"end":{"line":85,"column":5}},"43":{"start":{"line":70,"column":21},"end":{"line":78,"column":7}},"44":{"start":{"line":79,"column":6},"end":{"line":79,"column":53}},"45":{"start":{"line":81,"column":29},"end":{"line":83,"column":7}},"46":{"start":{"line":82,"column":20},"end":{"line":82,"column":49}},"47":{"start":{"line":84,"column":6},"end":{"line":84,"column":40}},"48":{"start":{"line":88,"column":22},"end":{"line":96,"column":3}},"49":{"start":{"line":89,"column":4},"end":{"line":91,"column":5}},"50":{"start":{"line":90,"column":6},"end":{"line":90,"column":47}},"51":{"start":{"line":93,"column":4},"end":{"line":95,"column":5}},"52":{"start":{"line":94,"column":6},"end":{"line":94,"column":48}},"53":{"start":{"line":98,"column":2},"end":{"line":157,"column":4}},"54":{"start":{"line":114,"column":10},"end":{"line":144,"column":16}},"55":{"start":{"line":127,"column":18},"end":{"line":132,"column":23}}},"fnMap":{"0":{"name":"RecipesDetailsMeals","decl":{"start":{"line":11,"column":24},"end":{"line":11,"column":43}},"loc":{"start":{"line":11,"column":46},"end":{"line":158,"column":1}},"line":11},"1":{"name":"(anonymous_1)","decl":{"start":{"line":21,"column":12},"end":{"line":21,"column":13}},"loc":{"start":{"line":21,"column":18},"end":{"line":43,"column":3}},"line":21},"2":{"name":"(anonymous_2)","decl":{"start":{"line":22,"column":23},"end":{"line":22,"column":24}},"loc":{"start":{"line":22,"column":35},"end":{"line":38,"column":5}},"line":22},"3":{"name":"(anonymous_3)","decl":{"start":{"line":45,"column":12},"end":{"line":45,"column":13}},"loc":{"start":{"line":45,"column":18},"end":{"line":50,"column":3}},"line":45},"4":{"name":"(anonymous_4)","decl":{"start":{"line":52,"column":12},"end":{"line":52,"column":13}},"loc":{"start":{"line":52,"column":18},"end":{"line":54,"column":3}},"line":52},"5":{"name":"(anonymous_5)","decl":{"start":{"line":56,"column":12},"end":{"line":56,"column":13}},"loc":{"start":{"line":56,"column":18},"end":{"line":59,"column":3}},"line":56},"6":{"name":"(anonymous_6)","decl":{"start":{"line":57,"column":49},"end":{"line":57,"column":50}},"loc":{"start":{"line":57,"column":61},"end":{"line":57,"column":77}},"line":57},"7":{"name":"(anonymous_7)","decl":{"start":{"line":61,"column":27},"end":{"line":61,"column":28}},"loc":{"start":{"line":61,"column":39},"end":{"line":65,"column":3}},"line":61},"8":{"name":"(anonymous_8)","decl":{"start":{"line":67,"column":25},"end":{"line":67,"column":26}},"loc":{"start":{"line":67,"column":31},"end":{"line":86,"column":3}},"line":67},"9":{"name":"(anonymous_9)","decl":{"start":{"line":82,"column":8},"end":{"line":82,"column":9}},"loc":{"start":{"line":82,"column":20},"end":{"line":82,"column":49}},"line":82},"10":{"name":"(anonymous_10)","decl":{"start":{"line":88,"column":22},"end":{"line":88,"column":23}},"loc":{"start":{"line":88,"column":28},"end":{"line":96,"column":3}},"line":88},"11":{"name":"(anonymous_11)","decl":{"start":{"line":113,"column":18},"end":{"line":113,"column":19}},"loc":{"start":{"line":114,"column":10},"end":{"line":144,"column":16}},"line":114},"12":{"name":"(anonymous_12)","decl":{"start":{"line":126,"column":32},"end":{"line":126,"column":33}},"loc":{"start":{"line":127,"column":18},"end":{"line":132,"column":23}},"line":127}},"branchMap":{"0":{"loc":{"start":{"line":27,"column":6},"end":{"line":36,"column":7}},"type":"if","locations":[{"start":{"line":27,"column":6},"end":{"line":36,"column":7}},{"start":{},"end":{}}],"line":27},"1":{"loc":{"start":{"line":42,"column":4},"end":{"line":42,"column":36}},"type":"if","locations":[{"start":{"line":42,"column":4},"end":{"line":42,"column":36}},{"start":{},"end":{}}],"line":42},"2":{"loc":{"start":{"line":47,"column":4},"end":{"line":49,"column":5}},"type":"if","locations":[{"start":{"line":47,"column":4},"end":{"line":49,"column":5}},{"start":{},"end":{}}],"line":47},"3":{"loc":{"start":{"line":69,"column":4},"end":{"line":85,"column":5}},"type":"if","locations":[{"start":{"line":69,"column":4},"end":{"line":85,"column":5}},{"start":{"line":80,"column":11},"end":{"line":85,"column":5}}],"line":69},"4":{"loc":{"start":{"line":73,"column":21},"end":{"line":73,"column":43}},"type":"binary-expr","locations":[{"start":{"line":73,"column":21},"end":{"line":73,"column":37}},{"start":{"line":73,"column":41},"end":{"line":73,"column":43}}],"line":73},"5":{"loc":{"start":{"line":74,"column":18},"end":{"line":74,"column":44}},"type":"binary-expr","locations":[{"start":{"line":74,"column":18},"end":{"line":74,"column":38}},{"start":{"line":74,"column":42},"end":{"line":74,"column":44}}],"line":74},"6":{"loc":{"start":{"line":75,"column":24},"end":{"line":75,"column":51}},"type":"binary-expr","locations":[{"start":{"line":75,"column":24},"end":{"line":75,"column":45}},{"start":{"line":75,"column":49},"end":{"line":75,"column":51}}],"line":75},"7":{"loc":{"start":{"line":89,"column":4},"end":{"line":91,"column":5}},"type":"if","locations":[{"start":{"line":89,"column":4},"end":{"line":91,"column":5}},{"start":{},"end":{}}],"line":89},"8":{"loc":{"start":{"line":93,"column":4},"end":{"line":95,"column":5}},"type":"if","locations":[{"start":{"line":93,"column":4},"end":{"line":95,"column":5}},{"start":{},"end":{}}],"line":93},"9":{"loc":{"start":{"line":103,"column":7},"end":{"line":103,"column":36}},"type":"binary-expr","locations":[{"start":{"line":103,"column":7},"end":{"line":103,"column":13}},{"start":{"line":103,"column":17},"end":{"line":103,"column":36}}],"line":103},"10":{"loc":{"start":{"line":105,"column":14},"end":{"line":105,"column":56}},"type":"cond-expr","locations":[{"start":{"line":105,"column":27},"end":{"line":105,"column":39}},{"start":{"line":105,"column":42},"end":{"line":105,"column":56}}],"line":105},"11":{"loc":{"start":{"line":110,"column":19},"end":{"line":110,"column":61}},"type":"cond-expr","locations":[{"start":{"line":110,"column":32},"end":{"line":110,"column":44}},{"start":{"line":110,"column":47},"end":{"line":110,"column":61}}],"line":110},"12":{"loc":{"start":{"line":154,"column":10},"end":{"line":154,"column":57}},"type":"cond-expr","locations":[{"start":{"line":154,"column":23},"end":{"line":154,"column":40}},{"start":{"line":154,"column":43},"end":{"line":154,"column":57}}],"line":154}},"s":{"0":1,"1":0,"2":0,"3":0,"4":0,"5":0,"6":0,"7":0,"8":0,"9":0,"10":0,"11":0,"12":0,"13":0,"14":0,"15":0,"16":0,"17":0,"18":0,"19":0,"20":0,"21":0,"22":0,"23":0,"24":0,"25":0,"26":0,"27":0,"28":0,"29":0,"30":0,"31":0,"32":0,"33":0,"34":0,"35":0,"36":0,"37":0,"38":0,"39":0,"40":0,"41":0,"42":0,"43":0,"44":0,"45":0,"46":0,"47":0,"48":0,"49":0,"50":0,"51":0,"52":0,"53":0,"54":0,"55":0},"f":{"0":0,"1":0,"2":0,"3":0,"4":0,"5":0,"6":0,"7":0,"8":0,"9":0,"10":0,"11":0,"12":0},"b":{"0":[0,0],"1":[0,0],"2":[0,0],"3":[0,0],"4":[0,0],"5":[0,0],"6":[0,0],"7":[0,0],"8":[0,0],"9":[0,0],"10":[0,0],"11":[0,0],"12":[0,0]},"_coverageSchema":"1a1c01bbd47fc00a2c39e90264f33305004495a9","hash":"219ad0ab8e8b0390a9b39e7436a96bd11a4dcd69"}
,"/home/clecio/Trybe/Projetos/sd-029-b-project-recipes-app/src/components/SearchBar.jsx": {"path":"/home/clecio/Trybe/Projetos/sd-029-b-project-recipes-app/src/components/SearchBar.jsx","statementMap":{"0":{"start":{"line":5,"column":38},"end":{"line":5,"column":50}},"1":{"start":{"line":6,"column":46},"end":{"line":6,"column":68}},"2":{"start":{"line":8,"column":28},"end":{"line":10,"column":3}},"3":{"start":{"line":9,"column":4},"end":{"line":9,"column":38}},"4":{"start":{"line":12,"column":23},"end":{"line":14,"column":3}},"5":{"start":{"line":13,"column":4},"end":{"line":13,"column":29}},"6":{"start":{"line":16,"column":2},"end":{"line":74,"column":4}},"7":{"start":{"line":23,"column":35},"end":{"line":23,"column":58}}},"fnMap":{"0":{"name":"SearchBar","decl":{"start":{"line":4,"column":24},"end":{"line":4,"column":33}},"loc":{"start":{"line":4,"column":36},"end":{"line":75,"column":1}},"line":4},"1":{"name":"(anonymous_1)","decl":{"start":{"line":8,"column":28},"end":{"line":8,"column":29}},"loc":{"start":{"line":8,"column":39},"end":{"line":10,"column":3}},"line":8},"2":{"name":"(anonymous_2)","decl":{"start":{"line":12,"column":23},"end":{"line":12,"column":24}},"loc":{"start":{"line":12,"column":35},"end":{"line":14,"column":3}},"line":12},"3":{"name":"(anonymous_3)","decl":{"start":{"line":23,"column":19},"end":{"line":23,"column":20}},"loc":{"start":{"line":23,"column":35},"end":{"line":23,"column":58}},"line":23}},"branchMap":{},"s":{"0":14,"1":12,"2":4,"3":2,"4":4,"5":1,"6":4,"7":7},"f":{"0":14,"1":2,"2":1,"3":7},"b":{},"_coverageSchema":"1a1c01bbd47fc00a2c39e90264f33305004495a9","hash":"e54df36a60a1814a5484dd332ec3925edcbb23b5"}
,"/home/clecio/Trybe/Projetos/sd-029-b-project-recipes-app/src/components/ShareButton.jsx": {"path":"/home/clecio/Trybe/Projetos/sd-029-b-project-recipes-app/src/components/ShareButton.jsx","statementMap":{"0":{"start":{"line":4,"column":13},"end":{"line":4,"column":38}},"1":{"start":{"line":7,"column":34},"end":{"line":7,"column":49}},"2":{"start":{"line":9,"column":22},"end":{"line":14,"column":3}},"3":{"start":{"line":10,"column":14},"end":{"line":10,"column":34}},"4":{"start":{"line":11,"column":4},"end":{"line":11,"column":42}},"5":{"start":{"line":12,"column":4},"end":{"line":12,"column":22}},"6":{"start":{"line":13,"column":4},"end":{"line":13,"column":14}},"7":{"start":{"line":16,"column":2},"end":{"line":23,"column":4}}},"fnMap":{"0":{"name":"ShareButton","decl":{"start":{"line":6,"column":9},"end":{"line":6,"column":20}},"loc":{"start":{"line":6,"column":23},"end":{"line":24,"column":1}},"line":6},"1":{"name":"(anonymous_1)","decl":{"start":{"line":9,"column":22},"end":{"line":9,"column":23}},"loc":{"start":{"line":9,"column":28},"end":{"line":14,"column":3}},"line":9}},"branchMap":{"0":{"loc":{"start":{"line":21,"column":7},"end":{"line":21,"column":38}},"type":"binary-expr","locations":[{"start":{"line":21,"column":7},"end":{"line":21,"column":15}},{"start":{"line":21,"column":19},"end":{"line":21,"column":38}}],"line":21}},"s":{"0":1,"1":2,"2":2,"3":0,"4":0,"5":0,"6":0,"7":2},"f":{"0":2,"1":0},"b":{"0":[2,0]},"_coverageSchema":"1a1c01bbd47fc00a2c39e90264f33305004495a9","hash":"c505d0effbbae134780676d78fc144cab6a20975"}
,"/home/clecio/Trybe/Projetos/sd-029-b-project-recipes-app/src/components/SlideDrinks.jsx": {"path":"/home/clecio/Trybe/Projetos/sd-029-b-project-recipes-app/src/components/SlideDrinks.jsx","statementMap":{"0":{"start":{"line":6,"column":17},"end":{"line":11,"column":1}},"1":{"start":{"line":14,"column":46},"end":{"line":14,"column":58}},"2":{"start":{"line":16,"column":2},"end":{"line":25,"column":26}},"3":{"start":{"line":17,"column":32},"end":{"line":23,"column":5}},"4":{"start":{"line":18,"column":21},"end":{"line":18,"column":22}},"5":{"start":{"line":19,"column":23},"end":{"line":19,"column":95}},"6":{"start":{"line":20,"column":18},"end":{"line":20,"column":39}},"7":{"start":{"line":21,"column":19},"end":{"line":21,"column":29}},"8":{"start":{"line":22,"column":6},"end":{"line":22,"column":55}},"9":{"start":{"line":24,"column":4},"end":{"line":24,"column":26}},"10":{"start":{"line":27,"column":2},"end":{"line":39,"column":4}},"11":{"start":{"line":32,"column":10},"end":{"line":35,"column":16}}},"fnMap":{"0":{"name":"SlideDrinks","decl":{"start":{"line":13,"column":9},"end":{"line":13,"column":20}},"loc":{"start":{"line":13,"column":23},"end":{"line":40,"column":1}},"line":13},"1":{"name":"(anonymous_1)","decl":{"start":{"line":16,"column":12},"end":{"line":16,"column":13}},"loc":{"start":{"line":16,"column":18},"end":{"line":25,"column":3}},"line":16},"2":{"name":"(anonymous_2)","decl":{"start":{"line":17,"column":32},"end":{"line":17,"column":33}},"loc":{"start":{"line":17,"column":44},"end":{"line":23,"column":5}},"line":17},"3":{"name":"(anonymous_3)","decl":{"start":{"line":31,"column":46},"end":{"line":31,"column":47}},"loc":{"start":{"line":32,"column":10},"end":{"line":35,"column":16}},"line":32}},"branchMap":{"0":{"loc":{"start":{"line":22,"column":24},"end":{"line":22,"column":53}},"type":"binary-expr","locations":[{"start":{"line":22,"column":24},"end":{"line":22,"column":28}},{"start":{"line":22,"column":32},"end":{"line":22,"column":53}}],"line":22},"1":{"loc":{"start":{"line":31,"column":10},"end":{"line":36,"column":17}},"type":"cond-expr","locations":[{"start":{"line":31,"column":27},"end":{"line":36,"column":10}},{"start":{"line":36,"column":13},"end":{"line":36,"column":17}}],"line":31}},"s":{"0":1,"1":0,"2":0,"3":0,"4":0,"5":0,"6":0,"7":0,"8":0,"9":0,"10":0,"11":0},"f":{"0":0,"1":0,"2":0,"3":0},"b":{"0":[0,0],"1":[0,0]},"_coverageSchema":"1a1c01bbd47fc00a2c39e90264f33305004495a9","hash":"06752c5768815e9426e5541e7029d70902567b8b"}
,"/home/clecio/Trybe/Projetos/sd-029-b-project-recipes-app/src/components/SlideMeals.jsx": {"path":"/home/clecio/Trybe/Projetos/sd-029-b-project-recipes-app/src/components/SlideMeals.jsx","statementMap":{"0":{"start":{"line":6,"column":17},"end":{"line":11,"column":1}},"1":{"start":{"line":14,"column":46},"end":{"line":14,"column":58}},"2":{"start":{"line":16,"column":2},"end":{"line":25,"column":26}},"3":{"start":{"line":17,"column":32},"end":{"line":23,"column":5}},"4":{"start":{"line":18,"column":21},"end":{"line":18,"column":22}},"5":{"start":{"line":19,"column":23},"end":{"line":19,"column":91}},"6":{"start":{"line":20,"column":18},"end":{"line":20,"column":39}},"7":{"start":{"line":21,"column":19},"end":{"line":21,"column":28}},"8":{"start":{"line":22,"column":6},"end":{"line":22,"column":55}},"9":{"start":{"line":24,"column":4},"end":{"line":24,"column":26}},"10":{"start":{"line":26,"column":2},"end":{"line":38,"column":4}},"11":{"start":{"line":31,"column":10},"end":{"line":34,"column":16}}},"fnMap":{"0":{"name":"SlideMeals","decl":{"start":{"line":13,"column":9},"end":{"line":13,"column":19}},"loc":{"start":{"line":13,"column":22},"end":{"line":39,"column":1}},"line":13},"1":{"name":"(anonymous_1)","decl":{"start":{"line":16,"column":12},"end":{"line":16,"column":13}},"loc":{"start":{"line":16,"column":18},"end":{"line":25,"column":3}},"line":16},"2":{"name":"(anonymous_2)","decl":{"start":{"line":17,"column":32},"end":{"line":17,"column":33}},"loc":{"start":{"line":17,"column":44},"end":{"line":23,"column":5}},"line":17},"3":{"name":"(anonymous_3)","decl":{"start":{"line":30,"column":46},"end":{"line":30,"column":47}},"loc":{"start":{"line":31,"column":10},"end":{"line":34,"column":16}},"line":31}},"branchMap":{"0":{"loc":{"start":{"line":22,"column":24},"end":{"line":22,"column":53}},"type":"binary-expr","locations":[{"start":{"line":22,"column":24},"end":{"line":22,"column":28}},{"start":{"line":22,"column":32},"end":{"line":22,"column":53}}],"line":22},"1":{"loc":{"start":{"line":30,"column":10},"end":{"line":35,"column":17}},"type":"cond-expr","locations":[{"start":{"line":30,"column":27},"end":{"line":35,"column":10}},{"start":{"line":35,"column":13},"end":{"line":35,"column":17}}],"line":30}},"s":{"0":1,"1":0,"2":0,"3":0,"4":0,"5":0,"6":0,"7":0,"8":0,"9":0,"10":0,"11":0},"f":{"0":0,"1":0,"2":0,"3":0},"b":{"0":[0,0],"1":[0,0]},"_coverageSchema":"1a1c01bbd47fc00a2c39e90264f33305004495a9","hash":"163952f8363ca2a428095a5e511f6a20947bc3ff"}
,"/home/clecio/Trybe/Projetos/sd-029-b-project-recipes-app/src/contexts/AppContext.js": {"path":"/home/clecio/Trybe/Projetos/sd-029-b-project-recipes-app/src/contexts/AppContext.js","statementMap":{"0":{"start":{"line":3,"column":19},"end":{"line":3,"column":34}}},"fnMap":{},"branchMap":{},"s":{"0":6},"f":{},"b":{},"_coverageSchema":"1a1c01bbd47fc00a2c39e90264f33305004495a9","hash":"0dec601b43e42459db0ec49361da45ec75c21da9"}
,"/home/clecio/Trybe/Projetos/sd-029-b-project-recipes-app/src/contexts/AppProvider.js": {"path":"/home/clecio/Trybe/Projetos/sd-029-b-project-recipes-app/src/contexts/AppProvider.js","statementMap":{"0":{"start":{"line":6,"column":30},"end":{"line":6,"column":42}},"1":{"start":{"line":7,"column":36},"end":{"line":7,"column":48}},"2":{"start":{"line":10,"column":16},"end":{"line":20,"column":4}},"3":{"start":{"line":10,"column":31},"end":{"line":15,"column":3}},"4":{"start":{"line":22,"column":2},"end":{"line":26,"column":4}},"5":{"start":{"line":29,"column":0},"end":{"line":31,"column":2}}},"fnMap":{"0":{"name":"Provider","decl":{"start":{"line":5,"column":24},"end":{"line":5,"column":32}},"loc":{"start":{"line":5,"column":47},"end":{"line":27,"column":1}},"line":5},"1":{"name":"(anonymous_1)","decl":{"start":{"line":10,"column":24},"end":{"line":10,"column":25}},"loc":{"start":{"line":10,"column":31},"end":{"line":15,"column":3}},"line":10}},"branchMap":{},"s":{"0":0,"1":0,"2":0,"3":0,"4":0,"5":0},"f":{"0":0,"1":0},"b":{}}
[...]
,"/home/clecio/Trybe/Projetos/sd-029-b-project-recipes-app/src/pages/Login.jsx": {"path":"/home/clecio/Trybe/Projetos/sd-029-b-project-recipes-app/src/pages/Login.jsx","statementMap":{"0":{"start":{"line":5,"column":28},"end":{"line":5,"column":40}},"1":{"start":{"line":6,"column":34},"end":{"line":6,"column":46}},"2":{"start":{"line":7,"column":18},"end":{"line":7,"column":30}},"3":{"start":{"line":9,"column":23},"end":{"line":14,"column":3}},"4":{"start":{"line":10,"column":16},"end":{"line":10,"column":17}},"5":{"start":{"line":11,"column":21},"end":{"line":11,"column":37}},"6":{"start":{"line":12,"column":21},"end":{"line":12,"column":66}},"7":{"start":{"line":13,"column":4},"end":{"line":13,"column":21}},"8":{"start":{"line":16,"column":22},"end":{"line":19,"column":3}},"9":{"start":{"line":17,"column":4},"end":{"line":17,"column":60}},"10":{"start":{"line":18,"column":4},"end":{"line":18,"column":27}},"11":{"start":{"line":21,"column":2},"end":{"line":53,"column":4}},"12":{"start":{"line":26,"column":37},"end":{"line":26,"column":59}},"13":{"start":{"line":36,"column":37},"end":{"line":36,"column":62}}},"fnMap":{"0":{"name":"Login","decl":{"start":{"line":4,"column":9},"end":{"line":4,"column":14}},"loc":{"start":{"line":4,"column":17},"end":{"line":54,"column":1}},"line":4},"1":{"name":"(anonymous_1)","decl":{"start":{"line":9,"column":23},"end":{"line":9,"column":24}},"loc":{"start":{"line":9,"column":29},"end":{"line":14,"column":3}},"line":9},"2":{"name":"(anonymous_2)","decl":{"start":{"line":16,"column":22},"end":{"line":16,"column":23}},"loc":{"start":{"line":16,"column":28},"end":{"line":19,"column":3}},"line":16},"3":{"name":"(anonymous_3)","decl":{"start":{"line":26,"column":21},"end":{"line":26,"column":22}},"loc":{"start":{"line":26,"column":37},"end":{"line":26,"column":59}},"line":26},"4":{"name":"(anonymous_4)","decl":{"start":{"line":36,"column":21},"end":{"line":36,"column":22}},"loc":{"start":{"line":36,"column":37},"end":{"line":36,"column":62}},"line":36}},"branchMap":{"0":{"loc":{"start":{"line":12,"column":21},"end":{"line":12,"column":66}},"type":"binary-expr","locations":[{"start":{"line":12,"column":21},"end":{"line":12,"column":41}},{"start":{"line":12,"column":45},"end":{"line":12,"column":66}}],"line":12}},"s":{"0":43,"1":43,"2":43,"3":43,"4":43,"5":43,"6":43,"7":43,"8":43,"9":1,"10":1,"11":43,"12":28,"13":13},"f":{"0":43,"1":43,"2":1,"3":28,"4":13},"b":{"0":[43,13]},"_coverageSchema":"1a1c01bbd47fc00a2c39e90264f33305004495a9","hash":"2284b513376b0f03e942a02d72f4cfeaacccd482"}
,"/home/clecio/Trybe/Projetos/sd-029-b-project-recipes-app/src/pages/MealsRecipesProgress.jsx": {"path":"/home/clecio/Trybe/Projetos/sd-029-b-project-recipes-app/src/pages/MealsRecipesProgress.jsx","statementMap":{"0":{"start":{"line":6,"column":14},"end":{"line":6,"column":62}},"1":{"start":{"line":7,"column":15},"end":{"line":7,"column":22}},"2":{"start":{"line":8,"column":19},"end":{"line":8,"column":36}},"3":{"start":{"line":9,"column":30},"end":{"line":9,"column":42}},"4":{"start":{"line":13,"column":2},"end":{"line":18,"column":23}},"5":{"start":{"line":15,"column":6},"end":{"line":15,"column":53}},"6":{"start":{"line":17,"column":4},"end":{"line":17,"column":12}},"7":{"start":{"line":20,"column":2},"end":{"line":24,"column":4}}},"fnMap":{"0":{"name":"MealsRecipesProgress","decl":{"start":{"line":5,"column":9},"end":{"line":5,"column":29}},"loc":{"start":{"line":5,"column":32},"end":{"line":25,"column":1}},"line":5},"1":{"name":"(anonymous_1)","decl":{"start":{"line":13,"column":12},"end":{"line":13,"column":13}},"loc":{"start":{"line":13,"column":18},"end":{"line":18,"column":3}},"line":13},"2":{"name":"fetch","decl":{"start":{"line":14,"column":19},"end":{"line":14,"column":24}},"loc":{"start":{"line":14,"column":27},"end":{"line":16,"column":5}},"line":14}},"branchMap":{},"s":{"0":2,"1":2,"2":2,"3":2,"4":2,"5":1,"6":1,"7":2},"f":{"0":2,"1":1,"2":1},"b":{},"_coverageSchema":"1a1c01bbd47fc00a2c39e90264f33305004495a9","hash":"30ea07f9081b867459b7b5a2c7dc76148067b7bf"}
,"/home/clecio/Trybe/Projetos/sd-029-b-project-recipes-app/src/pages/Profile.jsx": {"path":"/home/clecio/Trybe/Projetos/sd-029-b-project-recipes-app/src/pages/Profile.jsx","statementMap":{"0":{"start":{"line":7,"column":15},"end":{"line":7,"column":55}},"1":{"start":{"line":8,"column":16},"end":{"line":8,"column":34}},"2":{"start":{"line":10,"column":2},"end":{"line":42,"column":4}},"3":{"start":{"line":35,"column":26},"end":{"line":35,"column":46}}},"fnMap":{"0":{"name":"Profile","decl":{"start":{"line":6,"column":24},"end":{"line":6,"column":31}},"loc":{"start":{"line":6,"column":34},"end":{"line":43,"column":1}},"line":6},"1":{"name":"(anonymous_1)","decl":{"start":{"line":35,"column":20},"end":{"line":35,"column":21}},"loc":{"start":{"line":35,"column":26},"end":{"line":35,"column":46}},"line":35}},"branchMap":{"0":{"loc":{"start":{"line":8,"column":16},"end":{"line":8,"column":34}},"type":"binary-expr","locations":[{"start":{"line":8,"column":16},"end":{"line":8,"column":20}},{"start":{"line":8,"column":24},"end":{"line":8,"column":34}}],"line":8}},"s":{"0":4,"1":4,"2":4,"3":1},"f":{"0":4,"1":1},"b":{"0":[4,4]},"_coverageSchema":"1a1c01bbd47fc00a2c39e90264f33305004495a9","hash":"499108c3e579726bd10ec210e9662602d7eb579b"}
,"/home/clecio/Trybe/Projetos/sd-029-b-project-recipes-app/src/pages/RecipeDetails.jsx": {"path":"/home/clecio/Trybe/Projetos/sd-029-b-project-recipes-app/src/pages/RecipeDetails.jsx","statementMap":{"0":{"start":{"line":7,"column":19},"end":{"line":7,"column":32}},"1":{"start":{"line":8,"column":17},"end":{"line":8,"column":28}},"2":{"start":{"line":9,"column":2},"end":{"line":14,"column":4}}},"fnMap":{"0":{"name":"RecipeDetails","decl":{"start":{"line":6,"column":24},"end":{"line":6,"column":37}},"loc":{"start":{"line":6,"column":40},"end":{"line":15,"column":1}},"line":6}},"branchMap":{"0":{"loc":{"start":{"line":11,"column":8},"end":{"line":11,"column":71}},"type":"binary-expr","locations":[{"start":{"line":11,"column":8},"end":{"line":11,"column":44}},{"start":{"line":11,"column":48},"end":{"line":11,"column":71}}],"line":11},"1":{"loc":{"start":{"line":12,"column":8},"end":{"line":12,"column":73}},"type":"binary-expr","locations":[{"start":{"line":12,"column":8},"end":{"line":12,"column":45}},{"start":{"line":12,"column":49},"end":{"line":12,"column":73}}],"line":12}},"s":{"0":2,"1":2,"2":2},"f":{"0":2},"b":{"0":[2,1],"1":[2,1]},"_coverageSchema":"1a1c01bbd47fc00a2c39e90264f33305004495a9","hash":"26c1fe0be72b82c7075e59c85a4ba4a5f2621711"}
,"/home/clecio/Trybe/Projetos/sd-029-b-project-recipes-app/src/pages/RecipeInProgress.jsx": {"path":"/home/clecio/Trybe/Projetos/sd-029-b-project-recipes-app/src/pages/RecipeInProgress.jsx","statementMap":{"0":{"start":{"line":7,"column":2},"end":{"line":9,"column":3}},"1":{"start":{"line":8,"column":4},"end":{"line":8,"column":31}},"2":{"start":{"line":10,"column":16},"end":{"line":10,"column":18}},"3":{"start":{"line":11,"column":17},"end":{"line":11,"column":19}},"4":{"start":{"line":12,"column":14},"end":{"line":12,"column":16}},"5":{"start":{"line":13,"column":14},"end":{"line":13,"column":16}},"6":{"start":{"line":15,"column":2},"end":{"line":25,"column":3}},"7":{"start":{"line":16,"column":4},"end":{"line":16,"column":29}},"8":{"start":{"line":17,"column":4},"end":{"line":17,"column":28}},"9":{"start":{"line":18,"column":4},"end":{"line":18,"column":35}},"10":{"start":{"line":19,"column":4},"end":{"line":19,"column":33}},"11":{"start":{"line":21,"column":4},"end":{"line":21,"column":30}},"12":{"start":{"line":22,"column":4},"end":{"line":22,"column":29}},"13":{"start":{"line":23,"column":4},"end":{"line":23,"column":36}},"14":{"start":{"line":24,"column":4},"end":{"line":24,"column":34}},"15":{"start":{"line":27,"column":23},"end":{"line":27,"column":57}},"16":{"start":{"line":28,"column":2},"end":{"line":57,"column":4}},"17":{"start":{"line":50,"column":12},"end":{"line":50,"column":38}},"18":{"start":{"line":60,"column":0},"end":{"line":84,"column":2}}},"fnMap":{"0":{"name":"RecipeInProgress","decl":{"start":{"line":6,"column":9},"end":{"line":6,"column":25}},"loc":{"start":{"line":6,"column":49},"end":{"line":58,"column":1}},"line":6},"1":{"name":"(anonymous_1)","decl":{"start":{"line":49,"column":28},"end":{"line":49,"column":29}},"loc":{"start":{"line":50,"column":12},"end":{"line":50,"column":38}},"line":50}},"branchMap":{"0":{"loc":{"start":{"line":7,"column":2},"end":{"line":9,"column":3}},"type":"if","locations":[{"start":{"line":7,"column":2},"end":{"line":9,"column":3}},{"start":{},"end":{}}],"line":7},"1":{"loc":{"start":{"line":15,"column":2},"end":{"line":25,"column":3}},"type":"if","locations":[{"start":{"line":15,"column":2},"end":{"line":25,"column":3}},{"start":{"line":20,"column":9},"end":{"line":25,"column":3}}],"line":15}},"s":{"0":4,"1":2,"2":2,"3":2,"4":2,"5":2,"6":2,"7":1,"8":1,"9":1,"10":1,"11":1,"12":1,"13":1,"14":1,"15":2,"16":2,"17":18,"18":1},"f":{"0":4,"1":18},"b":{"0":[2,2],"1":[1,1]},"_coverageSchema":"1a1c01bbd47fc00a2c39e90264f33305004495a9","hash":"2b0d48fe1fef36f8b88432e04def9df74ed21b48"}
,"/home/clecio/Trybe/Projetos/sd-029-b-project-recipes-app/src/pages/Recipes.jsx": {"path":"/home/clecio/Trybe/Projetos/sd-029-b-project-recipes-app/src/pages/Recipes.jsx","statementMap":{"0":{"start":{"line":10,"column":19},"end":{"line":10,"column":32}},"1":{"start":{"line":11,"column":2},"end":{"line":18,"column":4}}},"fnMap":{"0":{"name":"Recipes","decl":{"start":{"line":9,"column":9},"end":{"line":9,"column":16}},"loc":{"start":{"line":9,"column":19},"end":{"line":19,"column":1}},"line":9}},"branchMap":{"0":{"loc":{"start":{"line":14,"column":8},"end":{"line":14,"column":55}},"type":"binary-expr","locations":[{"start":{"line":14,"column":8},"end":{"line":14,"column":38}},{"start":{"line":14,"column":42},"end":{"line":14,"column":55}}],"line":14},"1":{"loc":{"start":{"line":15,"column":8},"end":{"line":15,"column":57}},"type":"binary-expr","locations":[{"start":{"line":15,"column":8},"end":{"line":15,"column":39}},{"start":{"line":15,"column":43},"end":{"line":15,"column":57}}],"line":15}},"s":{"0":5,"1":4},"f":{"0":5},"b":{"0":[4,2],"1":[4,2]},"_coverageSchema":"1a1c01bbd47fc00a2c39e90264f33305004495a9","hash":"0c924de09bbabd781dc993ec880c268c8f914c36"}
,"/home/clecio/Trybe/Projetos/sd-029-b-project-recipes-app/src/services/fetchMeals.js": {"path":"/home/clecio/Trybe/Projetos/sd-029-b-project-recipes-app/src/services/fetchMeals.js","statementMap":{"0":{"start":{"line":1,"column":14},"end":{"line":1,"column":71}},"1":{"start":{"line":3,"column":41},"end":{"line":13,"column":1}},"2":{"start":{"line":4,"column":2},"end":{"line":12,"column":3}},"3":{"start":{"line":5,"column":19},"end":{"line":5,"column":21}},"4":{"start":{"line":6,"column":21},"end":{"line":6,"column":98}},"5":{"start":{"line":7,"column":16},"end":{"line":7,"column":37}},"6":{"start":{"line":8,"column":17},"end":{"line":8,"column":26}},"7":{"start":{"line":9,"column":4},"end":{"line":9,"column":33}},"8":{"start":{"line":11,"column":4},"end":{"line":11,"column":24}},"9":{"start":{"line":15,"column":42},"end":{"line":25,"column":1}},"10":{"start":{"line":16,"column":2},"end":{"line":24,"column":3}},"11":{"start":{"line":17,"column":19},"end":{"line":17,"column":21}},"12":{"start":{"line":18,"column":21},"end":{"line":18,"column":102}},"13":{"start":{"line":19,"column":16},"end":{"line":19,"column":37}},"14":{"start":{"line":20,"column":17},"end":{"line":20,"column":27}},"15":{"start":{"line":21,"column":4},"end":{"line":21,"column":33}},"16":{"start":{"line":23,"column":4},"end":{"line":23,"column":24}},"17":{"start":{"line":27,"column":35},"end":{"line":37,"column":1}},"18":{"start":{"line":28,"column":2},"end":{"line":36,"column":3}},"19":{"start":{"line":29,"column":19},"end":{"line":29,"column":21}},"20":{"start":{"line":30,"column":21},"end":{"line":30,"column":98}},"21":{"start":{"line":31,"column":16},"end":{"line":31,"column":37}},"22":{"start":{"line":32,"column":17},"end":{"line":32,"column":26}},"23":{"start":{"line":33,"column":4},"end":{"line":33,"column":33}},"24":{"start":{"line":35,"column":4},"end":{"line":35,"column":24}},"25":{"start":{"line":39,"column":36},"end":{"line":49,"column":1}},"26":{"start":{"line":40,"column":2},"end":{"line":48,"column":3}},"27":{"start":{"line":41,"column":19},"end":{"line":41,"column":21}},"28":{"start":{"line":42,"column":21},"end":{"line":42,"column":102}},"29":{"start":{"line":43,"column":16},"end":{"line":43,"column":37}},"30":{"start":{"line":44,"column":17},"end":{"line":44,"column":27}},"31":{"start":{"line":45,"column":4},"end":{"line":45,"column":33}},"32":{"start":{"line":47,"column":4},"end":{"line":47,"column":24}},"33":{"start":{"line":51,"column":37},"end":{"line":61,"column":1}},"34":{"start":{"line":52,"column":2},"end":{"line":60,"column":3}},"35":{"start":{"line":53,"column":19},"end":{"line":53,"column":21}},"36":{"start":{"line":54,"column":21},"end":{"line":54,"column":98}},"37":{"start":{"line":55,"column":16},"end":{"line":55,"column":37}},"38":{"start":{"line":56,"column":17},"end":{"line":56,"column":26}},"39":{"start":{"line":57,"column":4},"end":{"line":57,"column":33}},"40":{"start":{"line":59,"column":4},"end":{"line":59,"column":24}},"41":{"start":{"line":63,"column":38},"end":{"line":73,"column":1}},"42":{"start":{"line":64,"column":2},"end":{"line":72,"column":3}},"43":{"start":{"line":65,"column":19},"end":{"line":65,"column":21}},"44":{"start":{"line":66,"column":21},"end":{"line":66,"column":102}},"45":{"start":{"line":67,"column":16},"end":{"line":67,"column":37}},"46":{"start":{"line":68,"column":17},"end":{"line":68,"column":27}},"47":{"start":{"line":69,"column":4},"end":{"line":69,"column":33}},"48":{"start":{"line":71,"column":4},"end":{"line":71,"column":24}},"49":{"start":{"line":75,"column":29},"end":{"line":81,"column":1}},"50":{"start":{"line":76,"column":17},"end":{"line":76,"column":19}},"51":{"start":{"line":77,"column":19},"end":{"line":77,"column":87}},"52":{"start":{"line":78,"column":15},"end":{"line":78,"column":36}},"53":{"start":{"line":79,"column":18},"end":{"line":79,"column":28}},"54":{"start":{"line":80,"column":2},"end":{"line":80,"column":34}},"55":{"start":{"line":83,"column":30},"end":{"line":89,"column":1}},"56":{"start":{"line":84,"column":17},"end":{"line":84,"column":19}},"57":{"start":{"line":85,"column":19},"end":{"line":85,"column":91}},"58":{"start":{"line":86,"column":15},"end":{"line":86,"column":36}},"59":{"start":{"line":87,"column":18},"end":{"line":87,"column":29}},"60":{"start":{"line":88,"column":2},"end":{"line":88,"column":34}},"61":{"start":{"line":91,"column":33},"end":{"line":101,"column":1}},"62":{"start":{"line":92,"column":2},"end":{"line":100,"column":3}},"63":{"start":{"line":93,"column":19},"end":{"line":93,"column":20}},"64":{"start":{"line":94,"column":21},"end":{"line":94,"column":91}},"65":{"start":{"line":95,"column":17},"end":{"line":95,"column":38}},"66":{"start":{"line":96,"column":20},"end":{"line":96,"column":30}},"67":{"start":{"line":97,"column":4},"end":{"line":97,"column":36}},"68":{"start":{"line":99,"column":4},"end":{"line":99,"column":25}},"69":{"start":{"line":103,"column":34},"end":{"line":113,"column":1}},"70":{"start":{"line":104,"column":2},"end":{"line":112,"column":3}},"71":{"start":{"line":105,"column":19},"end":{"line":105,"column":20}},"72":{"start":{"line":106,"column":21},"end":{"line":106,"column":95}},"73":{"start":{"line":107,"column":17},"end":{"line":107,"column":38}},"74":{"start":{"line":108,"column":20},"end":{"line":108,"column":31}},"75":{"start":{"line":109,"column":4},"end":{"line":109,"column":36}},"76":{"start":{"line":111,"column":4},"end":{"line":111,"column":25}}},"fnMap":{"0":{"name":"(anonymous_0)","decl":{"start":{"line":3,"column":41},"end":{"line":3,"column":42}},"loc":{"start":{"line":3,"column":59},"end":{"line":13,"column":1}},"line":3},"1":{"name":"(anonymous_1)","decl":{"start":{"line":15,"column":42},"end":{"line":15,"column":43}},"loc":{"start":{"line":15,"column":60},"end":{"line":25,"column":1}},"line":15},"2":{"name":"(anonymous_2)","decl":{"start":{"line":27,"column":35},"end":{"line":27,"column":36}},"loc":{"start":{"line":27,"column":53},"end":{"line":37,"column":1}},"line":27},"3":{"name":"(anonymous_3)","decl":{"start":{"line":39,"column":36},"end":{"line":39,"column":37}},"loc":{"start":{"line":39,"column":54},"end":{"line":49,"column":1}},"line":39},"4":{"name":"(anonymous_4)","decl":{"start":{"line":51,"column":37},"end":{"line":51,"column":38}},"loc":{"start":{"line":51,"column":55},"end":{"line":61,"column":1}},"line":51},"5":{"name":"(anonymous_5)","decl":{"start":{"line":63,"column":38},"end":{"line":63,"column":39}},"loc":{"start":{"line":63,"column":56},"end":{"line":73,"column":1}},"line":63},"6":{"name":"(anonymous_6)","decl":{"start":{"line":75,"column":29},"end":{"line":75,"column":30}},"loc":{"start":{"line":75,"column":41},"end":{"line":81,"column":1}},"line":75},"7":{"name":"(anonymous_7)","decl":{"start":{"line":83,"column":30},"end":{"line":83,"column":31}},"loc":{"start":{"line":83,"column":42},"end":{"line":89,"column":1}},"line":83},"8":{"name":"(anonymous_8)","decl":{"start":{"line":91,"column":33},"end":{"line":91,"column":34}},"loc":{"start":{"line":91,"column":45},"end":{"line":101,"column":1}},"line":91},"9":{"name":"(anonymous_9)","decl":{"start":{"line":103,"column":34},"end":{"line":103,"column":35}},"loc":{"start":{"line":103,"column":46},"end":{"line":113,"column":1}},"line":103}},"branchMap":{},"s":{"0":0,"1":0,"2":0,"3":0,"4":0,"5":0,"6":0,"7":0,"8":0,"9":0,"10":0,"11":0,"12":0,"13":0,"14":0,"15":0,"16":0,"17":0,"18":0,"19":0,"20":0,"21":0,"22":0,"23":0,"24":0,"25":0,"26":0,"27":0,"28":0,"29":0,"30":0,"31":0,"32":0,"33":0,"34":0,"35":0,"36":0,"37":0,"38":0,"39":0,"40":0,"41":0,"42":0,"43":0,"44":0,"45":0,"46":0,"47":0,"48":0,"49":0,"50":0,"51":0,"52":0,"53":0,"54":0,"55":0,"56":0,"57":0,"58":0,"59":0,"60":0,"61":0,"62":0,"63":0,"64":0,"65":0,"66":0,"67":0,"68":0,"69":0,"70":0,"71":0,"72":0,"73":0,"74":0,"75":0,"76":0},"f":{"0":0,"1":0,"2":0,"3":0,"4":0,"5":0,"6":0,"7":0,"8":0,"9":0},"b":{}}
,"/home/clecio/Trybe/Projetos/sd-029-b-project-recipes-app/src/services/fetchRecipeId.js": {"path":"/home/clecio/Trybe/Projetos/sd-029-b-project-recipes-app/src/services/fetchRecipeId.js","statementMap":{"0":{"start":{"line":1,"column":22},"end":{"line":12,"column":1}},"1":{"start":{"line":2,"column":12},"end":{"line":2,"column":14}},"2":{"start":{"line":3,"column":2},"end":{"line":7,"column":3}},"3":{"start":{"line":4,"column":4},"end":{"line":4,"column":75}},"4":{"start":{"line":6,"column":4},"end":{"line":6,"column":71}},"5":{"start":{"line":9,"column":19},"end":{"line":9,"column":35}},"6":{"start":{"line":10,"column":15},"end":{"line":10,"column":36}},"7":{"start":{"line":11,"column":2},"end":{"line":11,"column":14}}},"fnMap":{"0":{"name":"(anonymous_0)","decl":{"start":{"line":1,"column":22},"end":{"line":1,"column":23}},"loc":{"start":{"line":1,"column":42},"end":{"line":12,"column":1}},"line":1}},"branchMap":{"0":{"loc":{"start":{"line":3,"column":2},"end":{"line":7,"column":3}},"type":"if","locations":[{"start":{"line":3,"column":2},"end":{"line":7,"column":3}},{"start":{"line":5,"column":9},"end":{"line":7,"column":3}}],"line":3}},"s":{"0":1,"1":2,"2":2,"3":0,"4":2,"5":2,"6":2,"7":2},"f":{"0":2},"b":{"0":[0,2]},"_coverageSchema":"1a1c01bbd47fc00a2c39e90264f33305004495a9","hash":"02828fc288d24dae680bf421a4713a53543979e5"}
}
