TN:
SF:src/App.js
FN:14,App
FNF:1
FNH:0
FNDA:0,App
DA:15,0
LF:1
LH:0
BRF:0
BRH:0
end_of_record
TN:
SF:src/components/CardDrinks.jsx
FN:7,CardDrinks
FN:15,(anonymous_1)
FN:16,(anonymous_2)
FN:26,(anonymous_3)
FN:36,(anonymous_4)
FN:38,(anonymous_5)
FN:51,(anonymous_6)
FN:69,(anonymous_7)
FN:87,(anonymous_8)
FN:100,(anonymous_9)
FN:108,(anonymous_10)
FN:110,(anonymous_11)
FN:126,(anonymous_12)
FNF:13
FNH:1
FNDA:5,CardDrinks
FNDA:0,(anonymous_1)
FNDA:0,(anonymous_2)
FNDA:0,(anonymous_3)
FNDA:0,(anonymous_4)
FNDA:0,(anonymous_5)
FNDA:0,(anonymous_6)
FNDA:0,(anonymous_7)
FNDA:0,(anonymous_8)
FNDA:0,(anonymous_9)
FNDA:0,(anonymous_10)
FNDA:0,(anonymous_11)
FNDA:0,(anonymous_12)
DA:5,1
DA:8,5
DA:9,0
DA:10,0
DA:11,0
DA:12,0
DA:13,0
DA:15,0
DA:16,0
DA:17,0
DA:18,0
DA:19,0
DA:20,0
DA:21,0
DA:22,0
DA:24,0
DA:26,0
DA:27,0
DA:28,0
DA:29,0
DA:30,0
DA:31,0
DA:33,0
DA:36,0
DA:37,0
DA:38,0
DA:39,0
DA:40,0
DA:41,0
DA:42,0
DA:43,0
DA:44,0
DA:46,0
DA:49,0
DA:50,0
DA:51,0
DA:52,0
DA:53,0
DA:54,0
DA:55,0
DA:56,0
DA:57,0
DA:59,0
DA:62,0
DA:63,0
DA:64,0
DA:65,0
DA:66,0
DA:67,0
DA:69,0
DA:70,0
DA:71,0
DA:72,0
DA:73,0
DA:74,0
DA:75,0
DA:77,0
DA:80,0
DA:82,0
DA:83,0
DA:87,0
DA:88,0
DA:89,0
DA:91,0
DA:92,0
DA:93,0
DA:94,0
DA:95,0
DA:96,0
DA:100,0
DA:101,0
DA:102,0
DA:105,0
DA:109,0
DA:110,0
DA:127,0
LF:76
LH:2
BRDA:37,0,0,0
BRDA:37,0,1,0
BRDA:50,1,0,0
BRDA:50,1,1,0
BRDA:63,2,0,0
BRDA:63,2,1,0
BRDA:64,3,0,0
BRDA:64,3,1,0
BRDA:82,4,0,0
BRDA:82,4,1,0
BRDA:88,5,0,0
BRDA:88,5,1,0
BRDA:128,6,0,0
BRDA:128,6,1,0
BRF:14
BRH:0
end_of_record
TN:
SF:src/components/CardMeals.jsx
FN:7,CardMeals
FN:15,(anonymous_1)
FN:16,(anonymous_2)
FN:26,(anonymous_3)
FN:36,(anonymous_4)
FN:49,(anonymous_5)
FN:55,(anonymous_6)
FN:57,(anonymous_7)
FN:70,(anonymous_8)
FN:88,(anonymous_9)
FN:105,(anonymous_10)
FN:113,(anonymous_11)
FN:115,(anonymous_12)
FN:131,(anonymous_13)
FNF:14
FNH:1
FNDA:5,CardMeals
FNDA:0,(anonymous_1)
FNDA:0,(anonymous_2)
FNDA:0,(anonymous_3)
FNDA:0,(anonymous_4)
FNDA:0,(anonymous_5)
FNDA:0,(anonymous_6)
FNDA:0,(anonymous_7)
FNDA:0,(anonymous_8)
FNDA:0,(anonymous_9)
FNDA:0,(anonymous_10)
FNDA:0,(anonymous_11)
FNDA:0,(anonymous_12)
FNDA:0,(anonymous_13)
DA:5,1
DA:8,5
DA:9,0
DA:10,0
DA:11,0
DA:12,0
DA:13,0
DA:15,0
DA:16,0
DA:17,0
DA:18,0
DA:19,0
DA:20,0
DA:21,0
DA:22,0
DA:24,0
DA:26,0
DA:27,0
DA:28,0
DA:29,0
DA:30,0
DA:31,0
DA:33,0
DA:36,0
DA:37,0
DA:38,0
DA:40,0
DA:41,0
DA:42,0
DA:43,0
DA:44,0
DA:45,0
DA:49,0
DA:50,0
DA:51,0
DA:55,0
DA:56,0
DA:57,0
DA:58,0
DA:59,0
DA:60,0
DA:61,0
DA:62,0
DA:63,0
DA:65,0
DA:68,0
DA:69,0
DA:70,0
DA:71,0
DA:72,0
DA:73,0
DA:74,0
DA:75,0
DA:76,0
DA:78,0
DA:81,0
DA:82,0
DA:83,0
DA:84,0
DA:85,0
DA:86,0
DA:88,0
DA:89,0
DA:90,0
DA:91,0
DA:92,0
DA:93,0
DA:94,0
DA:96,0
DA:99,0
DA:102,0
DA:105,0
DA:106,0
DA:107,0
DA:110,0
DA:114,0
DA:115,0
DA:132,0
LF:78
LH:2
BRDA:37,0,0,0
BRDA:37,0,1,0
BRDA:50,1,0,0
BRDA:50,1,1,0
BRDA:50,2,0,0
BRDA:50,2,1,0
BRDA:56,3,0,0
BRDA:56,3,1,0
BRDA:69,4,0,0
BRDA:69,4,1,0
BRDA:82,5,0,0
BRDA:82,5,1,0
BRDA:83,6,0,0
BRDA:83,6,1,0
BRDA:133,7,0,0
BRDA:133,7,1,0
BRF:16
BRH:0
end_of_record
TN:
SF:src/components/FavoriteButton.jsx
FN:6,FavoriteButton
FN:10,(anonymous_1)
FN:16,(anonymous_2)
FN:19,(anonymous_3)
FN:25,(anonymous_4)
FN:46,(anonymous_5)
FNF:6
FNH:3
FNDA:2,FavoriteButton
FNDA:2,(anonymous_1)
FNDA:2,(anonymous_2)
FNDA:0,(anonymous_3)
FNDA:0,(anonymous_4)
FNDA:0,(anonymous_5)
DA:7,2
DA:8,2
DA:9,2
DA:10,2
DA:11,2
DA:16,2
DA:17,2
DA:18,1
DA:19,0
DA:21,1
DA:25,2
DA:26,0
DA:36,0
DA:37,0
DA:41,0
DA:43,0
DA:46,0
DA:49,0
DA:53,2
DA:64,1
LF:20
LH:12
BRDA:9,0,0,0
BRDA:9,0,1,2
BRDA:11,1,0,0
BRDA:11,1,1,2
BRDA:17,2,0,1
BRDA:17,2,1,1
BRDA:28,3,0,0
BRDA:28,3,1,0
BRDA:29,4,0,0
BRDA:29,4,1,0
BRDA:30,5,0,0
BRDA:30,5,1,0
BRDA:31,6,0,0
BRDA:31,6,1,0
BRDA:32,7,0,0
BRDA:32,7,1,0
BRDA:33,8,0,0
BRDA:33,8,1,0
BRDA:36,9,0,0
BRDA:36,9,1,0
BRDA:57,10,0,0
BRDA:57,10,1,2
BRF:22
BRH:5
end_of_record
TN:
SF:src/components/Favorites.jsx
FN:9,Favorites
FN:12,(anonymous_1)
FN:19,(anonymous_2)
FN:27,(anonymous_3)
FN:32,(anonymous_4)
FN:37,handleRemoveFavorite
FN:44,handleShareRecipe
FN:60,(anonymous_7)
FN:70,(anonymous_8)
FN:77,(anonymous_9)
FN:84,(anonymous_10)
FN:92,(anonymous_11)
FN:115,(anonymous_12)
FN:122,(anonymous_13)
FNF:14
FNH:2
FNDA:1,Favorites
FNDA:1,(anonymous_1)
FNDA:0,(anonymous_2)
FNDA:0,(anonymous_3)
FNDA:0,(anonymous_4)
FNDA:0,handleRemoveFavorite
FNDA:0,handleShareRecipe
FNDA:0,(anonymous_7)
FNDA:0,(anonymous_8)
FNDA:0,(anonymous_9)
FNDA:0,(anonymous_10)
FNDA:0,(anonymous_11)
FNDA:0,(anonymous_12)
FNDA:0,(anonymous_13)
DA:7,1
DA:10,1
DA:12,1
DA:13,1
DA:14,1
DA:15,0
DA:19,1
DA:20,0
DA:22,0
DA:23,0
DA:26,0
DA:27,0
DA:28,0
DA:31,0
DA:32,0
DA:33,0
DA:38,0
DA:39,0
DA:40,0
DA:41,0
DA:45,0
DA:46,0
DA:47,0
DA:49,0
DA:50,0
DA:51,0
DA:52,0
DA:53,0
DA:54,0
DA:55,0
DA:56,0
DA:58,0
DA:60,0
DA:61,0
DA:65,1
DA:70,0
DA:77,0
DA:84,0
DA:93,0
DA:115,0
DA:122,0
LF:41
LH:7
BRDA:14,0,0,0
BRDA:14,0,1,1
BRDA:22,1,0,0
BRDA:22,1,1,0
BRDA:26,2,0,0
BRDA:26,2,1,0
BRDA:31,3,0,0
BRDA:31,3,1,0
BRDA:105,4,0,0
BRDA:105,4,1,0
BRF:10
BRH:1
end_of_record
TN:
SF:src/components/FinishButton.jsx
FN:4,FinishButton
FN:13,formatRecipe
FN:28,handleClick
FNF:3
FNH:1
FNDA:2,FinishButton
FNDA:0,formatRecipe
FNDA:0,handleClick
DA:5,2
DA:6,2
DA:7,2
DA:8,2
DA:9,2
DA:10,2
DA:11,2
DA:14,0
DA:25,0
DA:29,0
DA:30,0
DA:34,0
DA:36,0
DA:39,2
DA:52,1
LF:15
LH:9
BRDA:7,0,0,0
BRDA:7,0,1,2
BRDA:9,1,0,2
BRDA:9,1,1,0
BRDA:16,2,0,0
BRDA:16,2,1,0
BRDA:17,3,0,0
BRDA:17,3,1,0
BRDA:18,4,0,0
BRDA:18,4,1,0
BRDA:19,5,0,0
BRDA:19,5,1,0
BRDA:20,6,0,0
BRDA:20,6,1,0
BRDA:21,7,0,0
BRDA:21,7,1,0
BRDA:22,8,0,0
BRDA:22,8,1,0
BRF:18
BRH:2
end_of_record
TN:
SF:src/components/Footer.jsx
FN:7,Footer
FNF:1
FNH:1
FNDA:9,Footer
DA:8,9
LF:1
LH:1
BRF:0
BRH:0
end_of_record
TN:
SF:src/components/GetPageTitle.js
FN:1,getPageTitle
FNF:1
FNH:1
FNDA:33,getPageTitle
DA:2,33
DA:4,6
DA:6,2
DA:8,0
DA:10,1
DA:12,2
DA:14,22
LF:7
LH:6
BRDA:2,0,0,6
BRDA:2,0,1,2
BRDA:2,0,2,0
BRDA:2,0,3,1
BRDA:2,0,4,2
BRDA:2,0,5,22
BRF:6
BRH:5
end_of_record
TN:
SF:src/components/Header.jsx
FN:9,Header
FN:16,(anonymous_1)
FNF:2
FNH:2
FNDA:34,Header
FNDA:1,(anonymous_1)
DA:10,34
DA:11,33
DA:14,33
DA:16,33
DA:17,1
DA:20,33
LF:6
LH:6
BRDA:11,0,0,33
BRDA:11,0,1,27
BRDA:25,1,0,33
BRDA:25,1,1,8
BRDA:34,2,0,8
BRDA:34,2,1,2
BRF:6
BRH:6
end_of_record
TN:
SF:src/components/RecipeIngredients.jsx
FN:6,RecipeIngredients
FN:12,(anonymous_1)
FN:18,(anonymous_2)
FN:26,handleCheck
FN:29,(anonymous_4)
FN:34,(anonymous_5)
FN:46,(anonymous_6)
FN:65,(anonymous_7)
FN:78,(anonymous_8)
FNF:9
FNH:5
FNDA:2,RecipeIngredients
FNDA:2,(anonymous_1)
FNDA:2,(anonymous_2)
FNDA:0,handleCheck
FNDA:0,(anonymous_4)
FNDA:0,(anonymous_5)
FNDA:44,(anonymous_6)
FNDA:16,(anonymous_7)
FNDA:0,(anonymous_8)
DA:7,2
DA:8,2
DA:9,2
DA:10,2
DA:12,2
DA:13,2
DA:14,2
DA:15,2
DA:18,2
DA:19,2
DA:20,0
DA:22,2
DA:27,0
DA:28,0
DA:29,0
DA:31,0
DA:34,0
DA:38,0
DA:39,0
DA:46,2
DA:47,44
DA:48,16
DA:49,16
DA:50,16
DA:53,44
DA:54,14
DA:55,14
DA:56,0
DA:58,14
DA:62,2
DA:66,16
DA:78,0
DA:91,1
LF:33
LH:23
BRDA:14,0,0,2
BRDA:14,0,1,0
BRDA:19,1,0,0
BRDA:19,1,1,2
BRDA:27,2,0,0
BRDA:27,2,1,0
BRDA:47,3,0,16
BRDA:47,3,1,28
BRDA:49,4,0,16
BRDA:49,4,1,0
BRDA:49,5,0,16
BRDA:49,5,1,16
BRDA:53,6,0,14
BRDA:53,6,1,30
BRDA:55,7,0,0
BRDA:55,7,1,14
BRDA:68,8,0,0
BRDA:68,8,1,16
BRF:18
BRH:11
end_of_record
TN:
SF:src/components/RecipesDetailsDrinks.jsx
FN:11,RecipesDetailsDrinks
FN:21,(anonymous_1)
FN:22,(anonymous_2)
FN:45,(anonymous_3)
FN:52,(anonymous_4)
FN:56,(anonymous_5)
FN:57,(anonymous_6)
FN:61,(anonymous_7)
FN:67,(anonymous_8)
FN:82,(anonymous_9)
FN:88,(anonymous_10)
FN:113,(anonymous_11)
FN:127,(anonymous_12)
FNF:13
FNH:0
FNDA:0,RecipesDetailsDrinks
FNDA:0,(anonymous_1)
FNDA:0,(anonymous_2)
FNDA:0,(anonymous_3)
FNDA:0,(anonymous_4)
FNDA:0,(anonymous_5)
FNDA:0,(anonymous_6)
FNDA:0,(anonymous_7)
FNDA:0,(anonymous_8)
FNDA:0,(anonymous_9)
FNDA:0,(anonymous_10)
FNDA:0,(anonymous_11)
FNDA:0,(anonymous_12)
DA:9,1
DA:12,0
DA:13,0
DA:14,0
DA:15,0
DA:16,0
DA:17,0
DA:18,0
DA:19,0
DA:21,0
DA:22,0
DA:23,0
DA:24,0
DA:25,0
DA:27,0
DA:28,0
DA:29,0
DA:30,0
DA:31,0
DA:32,0
DA:37,0
DA:39,0
DA:41,0
DA:42,0
DA:45,0
DA:46,0
DA:47,0
DA:48,0
DA:52,0
DA:53,0
DA:56,0
DA:57,0
DA:58,0
DA:61,0
DA:62,0
DA:63,0
DA:64,0
DA:67,0
DA:68,0
DA:69,0
DA:70,0
DA:79,0
DA:81,0
DA:82,0
DA:84,0
DA:88,0
DA:89,0
DA:90,0
DA:93,0
DA:94,0
DA:98,0
DA:114,0
DA:128,0
LF:53
LH:1
BRDA:27,0,0,0
BRDA:27,0,1,0
BRDA:42,1,0,0
BRDA:42,1,1,0
BRDA:47,2,0,0
BRDA:47,2,1,0
BRDA:69,3,0,0
BRDA:69,3,1,0
BRDA:73,4,0,0
BRDA:73,4,1,0
BRDA:74,5,0,0
BRDA:74,5,1,0
BRDA:75,6,0,0
BRDA:75,6,1,0
BRDA:89,7,0,0
BRDA:89,7,1,0
BRDA:93,8,0,0
BRDA:93,8,1,0
BRDA:103,9,0,0
BRDA:103,9,1,0
BRDA:105,10,0,0
BRDA:105,10,1,0
BRDA:110,11,0,0
BRDA:110,11,1,0
BRDA:148,12,0,0
BRDA:148,12,1,0
BRF:26
BRH:0
end_of_record
TN:
SF:src/components/RecipesDetailsMeals.jsx
FN:11,RecipesDetailsMeals
FN:21,(anonymous_1)
FN:22,(anonymous_2)
FN:45,(anonymous_3)
FN:52,(anonymous_4)
FN:56,(anonymous_5)
FN:57,(anonymous_6)
FN:61,(anonymous_7)
FN:67,(anonymous_8)
FN:82,(anonymous_9)
FN:88,(anonymous_10)
FN:113,(anonymous_11)
FN:126,(anonymous_12)
FNF:13
FNH:0
FNDA:0,RecipesDetailsMeals
FNDA:0,(anonymous_1)
FNDA:0,(anonymous_2)
FNDA:0,(anonymous_3)
FNDA:0,(anonymous_4)
FNDA:0,(anonymous_5)
FNDA:0,(anonymous_6)
FNDA:0,(anonymous_7)
FNDA:0,(anonymous_8)
FNDA:0,(anonymous_9)
FNDA:0,(anonymous_10)
FNDA:0,(anonymous_11)
FNDA:0,(anonymous_12)
DA:9,1
DA:12,0
DA:13,0
DA:14,0
DA:15,0
DA:16,0
DA:17,0
DA:18,0
DA:19,0
DA:21,0
DA:22,0
DA:23,0
DA:24,0
DA:25,0
DA:27,0
DA:28,0
DA:29,0
DA:30,0
DA:31,0
DA:32,0
DA:37,0
DA:39,0
DA:41,0
DA:42,0
DA:45,0
DA:46,0
DA:47,0
DA:48,0
DA:52,0
DA:53,0
DA:56,0
DA:57,0
DA:58,0
DA:61,0
DA:62,0
DA:63,0
DA:64,0
DA:67,0
DA:68,0
DA:69,0
DA:70,0
DA:79,0
DA:81,0
DA:82,0
DA:84,0
DA:88,0
DA:89,0
DA:90,0
DA:93,0
DA:94,0
DA:98,0
DA:114,0
DA:127,0
LF:53
LH:1
BRDA:27,0,0,0
BRDA:27,0,1,0
BRDA:42,1,0,0
BRDA:42,1,1,0
BRDA:47,2,0,0
BRDA:47,2,1,0
BRDA:69,3,0,0
BRDA:69,3,1,0
BRDA:73,4,0,0
BRDA:73,4,1,0
BRDA:74,5,0,0
BRDA:74,5,1,0
BRDA:75,6,0,0
BRDA:75,6,1,0
BRDA:89,7,0,0
BRDA:89,7,1,0
BRDA:93,8,0,0
BRDA:93,8,1,0
BRDA:103,9,0,0
BRDA:103,9,1,0
BRDA:105,10,0,0
BRDA:105,10,1,0
BRDA:110,11,0,0
BRDA:110,11,1,0
BRDA:154,12,0,0
BRDA:154,12,1,0
BRF:26
BRH:0
end_of_record
TN:
SF:src/components/SearchBar.jsx
FN:4,SearchBar
FN:8,(anonymous_1)
FN:12,(anonymous_2)
FN:23,(anonymous_3)
FNF:4
FNH:4
FNDA:14,SearchBar
FNDA:2,(anonymous_1)
FNDA:1,(anonymous_2)
FNDA:7,(anonymous_3)
DA:5,14
DA:6,12
DA:8,4
DA:9,2
DA:12,4
DA:13,1
DA:16,4
DA:23,7
LF:8
LH:8
BRF:0
BRH:0
end_of_record
TN:
SF:src/components/ShareButton.jsx
FN:6,ShareButton
FN:9,(anonymous_1)
FNF:2
FNH:1
FNDA:2,ShareButton
FNDA:0,(anonymous_1)
DA:4,1
DA:7,2
DA:9,2
DA:10,0
DA:11,0
DA:12,0
DA:13,0
DA:16,2
LF:8
LH:4
BRDA:21,0,0,2
BRDA:21,0,1,0
BRF:2
BRH:1
end_of_record
TN:
SF:src/components/SlideDrinks.jsx
FN:13,SlideDrinks
FN:16,(anonymous_1)
FN:17,(anonymous_2)
FN:31,(anonymous_3)
FNF:4
FNH:0
FNDA:0,SlideDrinks
FNDA:0,(anonymous_1)
FNDA:0,(anonymous_2)
FNDA:0,(anonymous_3)
DA:6,1
DA:14,0
DA:16,0
DA:17,0
DA:18,0
DA:19,0
DA:20,0
DA:21,0
DA:22,0
DA:24,0
DA:27,0
DA:32,0
LF:12
LH:1
BRDA:22,0,0,0
BRDA:22,0,1,0
BRDA:31,1,0,0
BRDA:31,1,1,0
BRF:4
BRH:0
end_of_record
TN:
SF:src/components/SlideMeals.jsx
FN:13,SlideMeals
FN:16,(anonymous_1)
FN:17,(anonymous_2)
FN:30,(anonymous_3)
FNF:4
FNH:0
FNDA:0,SlideMeals
FNDA:0,(anonymous_1)
FNDA:0,(anonymous_2)
FNDA:0,(anonymous_3)
DA:6,1
DA:14,0
DA:16,0
DA:17,0
DA:18,0
DA:19,0
DA:20,0
DA:21,0
DA:22,0
DA:24,0
DA:26,0
DA:31,0
LF:12
LH:1
BRDA:22,0,0,0
BRDA:22,0,1,0
BRDA:30,1,0,0
BRDA:30,1,1,0
BRF:4
BRH:0
end_of_record
TN:
SF:src/contexts/AppContext.js
FNF:0
FNH:0
DA:3,6
LF:1
LH:1
BRF:0
BRH:0
end_of_record
TN:
SF:src/contexts/AppProvider.js
FN:5,Provider
FN:10,(anonymous_1)
FNF:2
FNH:0
FNDA:0,Provider
FNDA:0,(anonymous_1)
DA:6,0
DA:7,0
DA:10,0
DA:22,0
DA:29,0
LF:5
LH:0
BRF:0
BRH:0
end_of_record
TN:
SF:src/pages/DoneRecipes.jsx
FN:6,DoneRecipes
FN:11,(anonymous_1)
FN:16,(anonymous_2)
FN:22,(anonymous_3)
FN:25,(anonymous_4)
FN:30,(anonymous_5)
FN:60,(anonymous_6)
FN:86,(anonymous_7)
FN:96,(anonymous_8)
FNF:9
FNH:6
FNDA:16,DoneRecipes
FNDA:7,(anonymous_1)
FNDA:2,(anonymous_2)
FNDA:0,(anonymous_3)
FNDA:0,(anonymous_4)
FNDA:4,(anonymous_5)
FNDA:14,(anonymous_6)
FNDA:0,(anonymous_7)
FNDA:28,(anonymous_8)
DA:7,16
DA:8,16
DA:9,16
DA:11,16
DA:12,7
DA:13,7
DA:16,16
DA:17,2
DA:18,2
DA:20,16
DA:22,16
DA:23,0
DA:24,0
DA:25,0
DA:28,16
DA:30,4
DA:32,16
DA:61,14
DA:86,0
DA:97,28
LF:20
LH:16
BRDA:12,0,0,7
BRDA:12,0,1,1
BRDA:28,1,0,14
BRDA:28,1,1,2
BRDA:70,2,0,7
BRDA:70,2,1,7
BRDA:94,3,0,14
BRDA:94,3,1,0
BRF:8
BRH:7
end_of_record
TN:
SF:src/pages/DrinksRecipesProgress.jsx
FN:5,DrinksRecipesProgress
FN:13,(anonymous_1)
FN:14,fetch
FNF:3
FNH:3
FNDA:3,DrinksRecipesProgress
FNDA:1,(anonymous_1)
FNDA:1,fetch
DA:6,3
DA:7,3
DA:8,3
DA:9,3
DA:13,2
DA:15,1
DA:17,1
DA:20,2
LF:8
LH:8
BRF:0
BRH:0
end_of_record
TN:
SF:src/pages/FavoriteRecipes.jsx
FN:4,FavoriteRecipes
FNF:1
FNH:1
FNDA:1,FavoriteRecipes
DA:5,1
LF:1
LH:1
BRF:0
BRH:0
end_of_record
TN:
SF:src/pages/Login.jsx
FN:4,Login
FN:9,(anonymous_1)
FN:16,(anonymous_2)
FN:26,(anonymous_3)
FN:36,(anonymous_4)
FNF:5
FNH:5
FNDA:43,Login
FNDA:43,(anonymous_1)
FNDA:1,(anonymous_2)
FNDA:28,(anonymous_3)
FNDA:13,(anonymous_4)
DA:5,43
DA:6,43
DA:7,43
DA:9,43
DA:10,43
DA:11,43
DA:12,43
DA:13,43
DA:16,43
DA:17,1
DA:18,1
DA:21,43
DA:26,28
DA:36,13
LF:14
LH:14
BRDA:12,0,0,43
BRDA:12,0,1,13
BRF:2
BRH:2
end_of_record
TN:
SF:src/pages/MealsRecipesProgress.jsx
FN:5,MealsRecipesProgress
FN:13,(anonymous_1)
FN:14,fetch
FNF:3
FNH:3
FNDA:2,MealsRecipesProgress
FNDA:1,(anonymous_1)
FNDA:1,fetch
DA:6,2
DA:7,2
DA:8,2
DA:9,2
DA:13,2
DA:15,1
DA:17,1
DA:20,2
LF:8
LH:8
BRF:0
BRH:0
end_of_record
TN:
SF:src/pages/Profile.jsx
FN:6,Profile
FN:35,(anonymous_1)
FNF:2
FNH:2
FNDA:4,Profile
FNDA:1,(anonymous_1)
DA:7,4
DA:8,4
DA:10,4
DA:35,1
LF:4
LH:4
BRDA:8,0,0,4
BRDA:8,0,1,4
BRF:2
BRH:2
end_of_record
TN:
SF:src/pages/RecipeDetails.jsx
FN:6,RecipeDetails
FNF:1
FNH:1
FNDA:2,RecipeDetails
DA:7,2
DA:8,2
DA:9,2
LF:3
LH:3
BRDA:11,0,0,2
BRDA:11,0,1,1
BRDA:12,1,0,2
BRDA:12,1,1,1
BRF:4
BRH:4
end_of_record
TN:
SF:src/pages/RecipeInProgress.jsx
FN:6,RecipeInProgress
FN:49,(anonymous_1)
FNF:2
FNH:2
FNDA:4,RecipeInProgress
FNDA:18,(anonymous_1)
DA:7,4
DA:8,2
DA:10,2
DA:11,2
DA:12,2
DA:13,2
DA:15,2
DA:16,1
DA:17,1
DA:18,1
DA:19,1
DA:21,1
DA:22,1
DA:23,1
DA:24,1
DA:27,2
DA:28,2
DA:50,18
DA:60,1
LF:19
LH:19
BRDA:7,0,0,2
BRDA:7,0,1,2
BRDA:15,1,0,1
BRDA:15,1,1,1
BRF:4
BRH:4
end_of_record
TN:
SF:src/pages/Recipes.jsx
FN:9,Recipes
FNF:1
FNH:1
FNDA:5,Recipes
DA:10,5
DA:11,4
LF:2
LH:2
BRDA:14,0,0,4
BRDA:14,0,1,2
BRDA:15,1,0,4
BRDA:15,1,1,2
BRF:4
BRH:4
end_of_record
TN:
SF:src/services/fetchMeals.js
FN:3,(anonymous_0)
FN:15,(anonymous_1)
FN:27,(anonymous_2)
FN:39,(anonymous_3)
FN:51,(anonymous_4)
FN:63,(anonymous_5)
FN:75,(anonymous_6)
FN:83,(anonymous_7)
FN:91,(anonymous_8)
FN:103,(anonymous_9)
FNF:10
FNH:0
FNDA:0,(anonymous_0)
FNDA:0,(anonymous_1)
FNDA:0,(anonymous_2)
FNDA:0,(anonymous_3)
FNDA:0,(anonymous_4)
FNDA:0,(anonymous_5)
FNDA:0,(anonymous_6)
FNDA:0,(anonymous_7)
FNDA:0,(anonymous_8)
FNDA:0,(anonymous_9)
DA:1,0
DA:3,0
DA:4,0
DA:5,0
DA:6,0
DA:7,0
DA:8,0
DA:9,0
DA:11,0
DA:15,0
DA:16,0
DA:17,0
DA:18,0
DA:19,0
DA:20,0
DA:21,0
DA:23,0
DA:27,0
DA:28,0
DA:29,0
DA:30,0
DA:31,0
DA:32,0
DA:33,0
DA:35,0
DA:39,0
DA:40,0
DA:41,0
DA:42,0
DA:43,0
DA:44,0
DA:45,0
DA:47,0
DA:51,0
DA:52,0
DA:53,0
DA:54,0
DA:55,0
DA:56,0
DA:57,0
DA:59,0
DA:63,0
DA:64,0
DA:65,0
DA:66,0
DA:67,0
DA:68,0
DA:69,0
DA:71,0
DA:75,0
DA:76,0
DA:77,0
DA:78,0
DA:79,0
DA:80,0
DA:83,0
DA:84,0
DA:85,0
DA:86,0
DA:87,0
DA:88,0
DA:91,0
DA:92,0
DA:93,0
DA:94,0
DA:95,0
DA:96,0
DA:97,0
DA:99,0
DA:103,0
DA:104,0
DA:105,0
DA:106,0
DA:107,0
DA:108,0
DA:109,0
DA:111,0
LF:77
LH:0
BRF:0
BRH:0
end_of_record
TN:
SF:src/services/fetchRecipeId.js
FN:1,(anonymous_0)
FNF:1
FNH:1
FNDA:2,(anonymous_0)
DA:1,1
DA:2,2
DA:3,2
DA:4,0
DA:6,2
DA:9,2
DA:10,2
DA:11,2
LF:8
LH:7
BRDA:3,0,0,0
BRDA:3,0,1,2
BRF:2
BRH:1
end_of_record
